2019-03-07 21:20:05 [main] INFO  epam.tasktwo.parser.impl.SentenceParser - Add word in lexeme
2019-03-07 21:20:05 [main] INFO  epam.tasktwo.parser.impl.SentenceParser - Add lexeme in sentence.
2019-03-07 21:20:05 [main] INFO  epam.tasktwo.parser.impl.SentenceParser - Add symbols in word.
2019-03-07 21:20:05 [main] INFO  epam.tasktwo.parser.impl.SentenceParser - Add word in lexeme
2019-03-07 21:20:05 [main] INFO  epam.tasktwo.parser.impl.SentenceParser - Add lexeme in sentence.
2019-03-07 21:20:05 [main] INFO  epam.tasktwo.parser.impl.SentenceParser - Add symbols in word.
2019-03-07 21:20:05 [main] INFO  epam.tasktwo.parser.impl.SentenceParser - Add word in lexeme
2019-03-07 21:20:05 [main] INFO  epam.tasktwo.parser.impl.SentenceParser - Add lexeme in sentence.
2019-03-07 21:20:05 [main] INFO  epam.tasktwo.parser.impl.SentenceParser - Add symbols in word.
2019-03-07 21:20:05 [main] INFO  epam.tasktwo.parser.impl.SentenceParser - Add word in lexeme
2019-03-07 21:20:05 [main] INFO  epam.tasktwo.parser.impl.SentenceParser - Add lexeme in sentence.
2019-03-07 21:20:05 [main] INFO  epam.tasktwo.parser.impl.SentenceParser - Add symbols in word.
2019-03-07 21:20:05 [main] INFO  epam.tasktwo.parser.impl.SentenceParser - Add word in lexeme
2019-03-07 21:20:05 [main] INFO  epam.tasktwo.parser.impl.SentenceParser - Add lexeme in sentence.
2019-03-07 21:20:05 [main] INFO  epam.tasktwo.parser.impl.SentenceParser - Add symbols in word.
2019-03-07 21:20:05 [main] INFO  epam.tasktwo.parser.impl.SentenceParser - Add word in lexeme
2019-03-07 21:20:05 [main] INFO  epam.tasktwo.parser.impl.SentenceParser - Add lexeme in sentence.
2019-03-07 21:20:05 [main] INFO  epam.tasktwo.parser.impl.SentenceParser - Add symbols in word.
2019-03-07 21:20:05 [main] INFO  epam.tasktwo.parser.impl.SentenceParser - Add word in lexeme
2019-03-07 21:20:05 [main] INFO  epam.tasktwo.parser.impl.SentenceParser - Add lexeme in sentence.
2019-03-07 21:20:05 [main] INFO  epam.tasktwo.parser.impl.SentenceParser - Add symbols in word.
2019-03-07 21:20:05 [main] INFO  epam.tasktwo.parser.impl.SentenceParser - Add word in lexeme
2019-03-07 21:20:05 [main] INFO  epam.tasktwo.parser.impl.SentenceParser - Add lexeme in sentence.
2019-03-07 21:20:05 [main] INFO  epam.tasktwo.parser.impl.SentenceParser - Add symbols in word.
2019-03-07 21:20:05 [main] INFO  epam.tasktwo.parser.impl.SentenceParser - Add word in lexeme
2019-03-07 21:20:05 [main] INFO  epam.tasktwo.parser.impl.SentenceParser - Add lexeme in sentence.
2019-03-07 21:20:05 [main] INFO  epam.tasktwo.parser.impl.SentenceParser - Add symbols in word.
2019-03-07 21:20:05 [main] INFO  epam.tasktwo.parser.impl.SentenceParser - Add word in lexeme
2019-03-07 21:20:05 [main] INFO  epam.tasktwo.parser.impl.SentenceParser - Add lexeme in sentence.
2019-03-07 21:20:05 [main] WARN  epam.tasktwo.parser.impl.SentenceParser - Unknown expression: Ipsum.!!!
2019-03-07 21:20:05 [main] INFO  epam.tasktwo.parser.impl.SentenceParser - Add lexeme in sentence.
2019-03-07 21:20:24 [main] INFO  epam.tasktwo.parser.impl.SentenceParser - Took the next parser - SymbolParser.
2019-03-07 21:20:24 [main] INFO  epam.tasktwo.parser.impl.SentenceParser - Took the next parser - WordParser.
2019-03-07 21:20:24 [main] INFO  epam.tasktwo.parser.impl.SentenceParser - Took the next parser - ExpressionParser.
2019-03-07 21:20:24 [main] INFO  epam.tasktwo.parser.impl.SentenceParser - Took the next parser - SymbolParser.
2019-03-07 21:20:24 [main] INFO  epam.tasktwo.parser.impl.SentenceParser - Took the next parser - LexemeParser.
2019-03-07 21:20:24 [main] WARN  epam.tasktwo.parser.impl.SentenceParser - Unknown expression: !!!
2019-03-07 21:20:24 [main] INFO  epam.tasktwo.parser.impl.SentenceParser - Add lexeme in sentence.
2019-03-07 21:20:24 [main] INFO  epam.tasktwo.parser.impl.SentenceParser - Add symbols in word.
2019-03-07 21:20:24 [main] INFO  epam.tasktwo.parser.impl.SentenceParser - Add word in lexeme
2019-03-07 21:20:24 [main] INFO  epam.tasktwo.parser.impl.SentenceParser - Add lexeme in sentence.
2019-03-07 21:20:24 [main] INFO  epam.tasktwo.parser.impl.SentenceParser - Add symbols in word.
2019-03-07 21:20:24 [main] INFO  epam.tasktwo.parser.impl.SentenceParser - Add word in lexeme
2019-03-07 21:20:24 [main] INFO  epam.tasktwo.parser.impl.SentenceParser - Add lexeme in sentence.
2019-03-07 21:20:24 [main] INFO  epam.tasktwo.parser.impl.SentenceParser - Add symbols in word.
2019-03-07 21:20:24 [main] INFO  epam.tasktwo.parser.impl.SentenceParser - Add word in lexeme
2019-03-07 21:20:24 [main] INFO  epam.tasktwo.parser.impl.SentenceParser - Add lexeme in sentence.
2019-03-07 21:20:24 [main] INFO  epam.tasktwo.parser.impl.SentenceParser - Add symbols in word.
2019-03-07 21:20:24 [main] INFO  epam.tasktwo.parser.impl.SentenceParser - Add word in lexeme
2019-03-07 21:20:24 [main] INFO  epam.tasktwo.parser.impl.SentenceParser - Add lexeme in sentence.
2019-03-07 21:20:24 [main] INFO  epam.tasktwo.parser.impl.SentenceParser - Add symbols in word.
2019-03-07 21:20:24 [main] INFO  epam.tasktwo.parser.impl.SentenceParser - Add word in lexeme
2019-03-07 21:20:24 [main] INFO  epam.tasktwo.parser.impl.SentenceParser - Add lexeme in sentence.
2019-03-07 21:20:24 [main] INFO  epam.tasktwo.parser.impl.SentenceParser - Expression transferred to number.
2019-03-07 21:20:24 [main] INFO  epam.tasktwo.parser.impl.SentenceParser - Add word in lexeme
2019-03-07 21:20:24 [main] INFO  epam.tasktwo.parser.impl.SentenceParser - Add lexeme in sentence.
2019-03-07 21:20:24 [main] INFO  epam.tasktwo.parser.impl.SentenceParser - Add symbols in word.
2019-03-07 21:20:24 [main] INFO  epam.tasktwo.parser.impl.SentenceParser - Add word in lexeme
2019-03-07 21:20:24 [main] INFO  epam.tasktwo.parser.impl.SentenceParser - Add lexeme in sentence.
2019-03-07 21:20:24 [main] INFO  epam.tasktwo.parser.impl.SentenceParser - Add symbols in word.
2019-03-07 21:20:24 [main] INFO  epam.tasktwo.parser.impl.SentenceParser - Add word in lexeme
2019-03-07 21:20:24 [main] INFO  epam.tasktwo.parser.impl.SentenceParser - Add lexeme in sentence.
2019-03-07 21:20:24 [main] INFO  epam.tasktwo.parser.impl.SentenceParser - Add symbols in word.
2019-03-07 21:20:24 [main] INFO  epam.tasktwo.parser.impl.SentenceParser - Add word in lexeme
2019-03-07 21:20:24 [main] INFO  epam.tasktwo.parser.impl.SentenceParser - Add lexeme in sentence.
2019-03-07 21:20:24 [main] INFO  epam.tasktwo.parser.impl.SentenceParser - Add symbols in word.
2019-03-07 21:20:24 [main] INFO  epam.tasktwo.parser.impl.SentenceParser - Add word in lexeme
2019-03-07 21:20:24 [main] INFO  epam.tasktwo.parser.impl.SentenceParser - Add lexeme in sentence.
2019-03-07 21:20:24 [main] INFO  epam.tasktwo.parser.impl.SentenceParser - Add symbols in word.
2019-03-07 21:20:24 [main] INFO  epam.tasktwo.parser.impl.SentenceParser - Add word in lexeme
2019-03-07 21:20:24 [main] INFO  epam.tasktwo.parser.impl.SentenceParser - Add lexeme in sentence.
2019-03-07 21:20:24 [main] INFO  epam.tasktwo.parser.impl.SentenceParser - Add symbols in word.
2019-03-07 21:20:24 [main] INFO  epam.tasktwo.parser.impl.SentenceParser - Add word in lexeme
2019-03-07 21:20:24 [main] INFO  epam.tasktwo.parser.impl.SentenceParser - Add lexeme in sentence.
2019-03-07 21:20:24 [main] INFO  epam.tasktwo.parser.impl.SentenceParser - Add symbols in word.
2019-03-07 21:20:24 [main] INFO  epam.tasktwo.parser.impl.SentenceParser - Add word in lexeme
2019-03-07 21:20:24 [main] INFO  epam.tasktwo.parser.impl.SentenceParser - Add lexeme in sentence.
2019-03-07 21:20:24 [main] INFO  epam.tasktwo.parser.impl.SentenceParser - Add symbols in word.
2019-03-07 21:20:24 [main] INFO  epam.tasktwo.parser.impl.SentenceParser - Add word in lexeme
2019-03-07 21:20:24 [main] INFO  epam.tasktwo.parser.impl.SentenceParser - Add lexeme in sentence.
2019-03-07 21:20:24 [main] INFO  epam.tasktwo.parser.impl.SentenceParser - Add symbols in word.
2019-03-07 21:20:24 [main] INFO  epam.tasktwo.parser.impl.SentenceParser - Add word in lexeme
2019-03-07 21:20:24 [main] INFO  epam.tasktwo.parser.impl.SentenceParser - Add lexeme in sentence.
2019-03-07 21:20:24 [main] INFO  epam.tasktwo.parser.impl.SentenceParser - Add symbols in word.
2019-03-07 21:20:24 [main] INFO  epam.tasktwo.parser.impl.SentenceParser - Add symbol and word in lexeme
2019-03-07 21:20:24 [main] INFO  epam.tasktwo.parser.impl.SentenceParser - Add lexeme in sentence.
2019-03-07 21:20:24 [main] INFO  epam.tasktwo.parser.impl.SentenceParser - Add symbols in word.
2019-03-07 21:20:24 [main] INFO  epam.tasktwo.parser.impl.SentenceParser - Add word in lexeme
2019-03-07 21:20:24 [main] INFO  epam.tasktwo.parser.impl.SentenceParser - Add lexeme in sentence.
2019-03-07 21:20:24 [main] INFO  epam.tasktwo.parser.impl.SentenceParser - Add symbols in word.
2019-03-07 21:20:24 [main] INFO  epam.tasktwo.parser.impl.SentenceParser - Add word in lexeme
2019-03-07 21:20:24 [main] INFO  epam.tasktwo.parser.impl.SentenceParser - Add lexeme in sentence.
2019-03-07 21:20:24 [main] INFO  epam.tasktwo.parser.impl.SentenceParser - Add symbols in word.
2019-03-07 21:20:24 [main] INFO  epam.tasktwo.parser.impl.SentenceParser - Add word in lexeme
2019-03-07 21:20:24 [main] INFO  epam.tasktwo.parser.impl.SentenceParser - Add lexeme in sentence.
2019-03-07 21:20:24 [main] INFO  epam.tasktwo.parser.impl.SentenceParser - Add symbols in word.
2019-03-07 21:20:24 [main] INFO  epam.tasktwo.parser.impl.SentenceParser - Add word in lexeme
2019-03-07 21:20:24 [main] INFO  epam.tasktwo.parser.impl.SentenceParser - Add lexeme in sentence.
2019-03-07 21:20:24 [main] INFO  epam.tasktwo.parser.impl.SentenceParser - Add symbols in word.
2019-03-07 21:20:24 [main] INFO  epam.tasktwo.parser.impl.SentenceParser - Add word in lexeme
2019-03-07 21:20:24 [main] INFO  epam.tasktwo.parser.impl.SentenceParser - Add lexeme in sentence.
2019-03-07 21:20:24 [main] INFO  epam.tasktwo.parser.impl.SentenceParser - Add symbols in word.
2019-03-07 21:20:24 [main] INFO  epam.tasktwo.parser.impl.SentenceParser - Add word in lexeme
2019-03-07 21:20:24 [main] INFO  epam.tasktwo.parser.impl.SentenceParser - Add lexeme in sentence.
2019-03-07 21:20:24 [main] INFO  epam.tasktwo.parser.impl.SentenceParser - Add symbols in word.
2019-03-07 21:20:24 [main] INFO  epam.tasktwo.parser.impl.SentenceParser - Add word in lexeme
2019-03-07 21:20:24 [main] INFO  epam.tasktwo.parser.impl.SentenceParser - Add lexeme in sentence.
2019-03-07 21:20:24 [main] INFO  epam.tasktwo.parser.impl.SentenceParser - Add symbols in word.
2019-03-07 21:20:24 [main] INFO  epam.tasktwo.parser.impl.SentenceParser - Add word in lexeme
2019-03-07 21:20:24 [main] INFO  epam.tasktwo.parser.impl.SentenceParser - Add lexeme in sentence.
2019-03-07 21:20:24 [main] INFO  epam.tasktwo.parser.impl.SentenceParser - Add symbols in word.
2019-03-07 21:20:24 [main] INFO  epam.tasktwo.parser.impl.SentenceParser - Add word in lexeme
2019-03-07 21:20:24 [main] INFO  epam.tasktwo.parser.impl.SentenceParser - Add lexeme in sentence.
2019-03-07 21:20:24 [main] INFO  epam.tasktwo.parser.impl.SentenceParser - Add symbols in word.
2019-03-07 21:20:24 [main] INFO  epam.tasktwo.parser.impl.SentenceParser - Add word in lexeme
2019-03-07 21:20:24 [main] INFO  epam.tasktwo.parser.impl.SentenceParser - Add lexeme in sentence.
2019-03-07 21:20:24 [main] INFO  epam.tasktwo.parser.impl.SentenceParser - Add symbols in word.
2019-03-07 21:20:24 [main] INFO  epam.tasktwo.parser.impl.SentenceParser - Add word in lexeme
2019-03-07 21:20:24 [main] INFO  epam.tasktwo.parser.impl.SentenceParser - Add lexeme in sentence.
2019-03-07 21:20:24 [main] INFO  epam.tasktwo.parser.impl.SentenceParser - Add symbols in word.
2019-03-07 21:20:24 [main] INFO  epam.tasktwo.parser.impl.SentenceParser - Add word in lexeme
2019-03-07 21:20:24 [main] INFO  epam.tasktwo.parser.impl.SentenceParser - Add lexeme in sentence.
2019-03-07 21:20:24 [main] INFO  epam.tasktwo.parser.impl.SentenceParser - Add symbols in word.
2019-03-07 21:20:24 [main] INFO  epam.tasktwo.parser.impl.SentenceParser - Add word in lexeme
2019-03-07 21:20:24 [main] INFO  epam.tasktwo.parser.impl.SentenceParser - Add lexeme in sentence.
2019-03-07 21:20:24 [main] INFO  epam.tasktwo.parser.impl.SentenceParser - Add symbols in word.
2019-03-07 21:20:24 [main] INFO  epam.tasktwo.parser.impl.SentenceParser - Add word in lexeme
2019-03-07 21:20:24 [main] INFO  epam.tasktwo.parser.impl.SentenceParser - Add lexeme in sentence.
2019-03-07 21:20:24 [main] WARN  epam.tasktwo.parser.impl.SentenceParser - Unknown expression: Ipsum.!!!
2019-03-07 21:20:24 [main] INFO  epam.tasktwo.parser.impl.SentenceParser - Add lexeme in sentence.
2019-03-07 21:20:58 [main] INFO  epam.tasktwo.parser.impl.SentenceParser - Took the next parser - SymbolParser.
2019-03-07 21:20:58 [main] INFO  epam.tasktwo.parser.impl.SentenceParser - Took the next parser - WordParser.
2019-03-07 21:20:58 [main] INFO  epam.tasktwo.parser.impl.SentenceParser - Took the next parser - ExpressionParser.
2019-03-07 21:20:58 [main] INFO  epam.tasktwo.parser.impl.SentenceParser - Took the next parser - SymbolParser.
2019-03-07 21:20:58 [main] INFO  epam.tasktwo.parser.impl.SentenceParser - Took the next parser - LexemeParser.
2019-03-07 21:20:58 [main] WARN  epam.tasktwo.parser.impl.SentenceParser - Unknown expression: !!!
2019-03-07 21:20:58 [main] INFO  epam.tasktwo.parser.impl.SentenceParser - Add lexeme in sentence.
2019-03-07 21:20:58 [main] INFO  epam.tasktwo.parser.impl.SentenceParser - Add symbols in word.
2019-03-07 21:20:58 [main] INFO  epam.tasktwo.parser.impl.SentenceParser - Add word in lexeme
2019-03-07 21:20:58 [main] INFO  epam.tasktwo.parser.impl.SentenceParser - Add lexeme in sentence.
2019-03-07 21:20:58 [main] INFO  epam.tasktwo.parser.impl.SentenceParser - Add symbols in word.
2019-03-07 21:20:58 [main] INFO  epam.tasktwo.parser.impl.SentenceParser - Add word in lexeme
2019-03-07 21:20:58 [main] INFO  epam.tasktwo.parser.impl.SentenceParser - Add lexeme in sentence.
2019-03-07 21:20:58 [main] INFO  epam.tasktwo.parser.impl.SentenceParser - Add symbols in word.
2019-03-07 21:20:58 [main] INFO  epam.tasktwo.parser.impl.SentenceParser - Add word in lexeme
2019-03-07 21:20:58 [main] INFO  epam.tasktwo.parser.impl.SentenceParser - Add lexeme in sentence.
2019-03-07 21:20:58 [main] INFO  epam.tasktwo.parser.impl.SentenceParser - Add symbols in word.
2019-03-07 21:20:58 [main] INFO  epam.tasktwo.parser.impl.SentenceParser - Add word in lexeme
2019-03-07 21:20:58 [main] INFO  epam.tasktwo.parser.impl.SentenceParser - Add lexeme in sentence.
2019-03-07 21:20:58 [main] INFO  epam.tasktwo.parser.impl.SentenceParser - Add symbols in word.
2019-03-07 21:20:58 [main] INFO  epam.tasktwo.parser.impl.SentenceParser - Add word in lexeme
2019-03-07 21:20:58 [main] INFO  epam.tasktwo.parser.impl.SentenceParser - Add lexeme in sentence.
2019-03-07 21:20:58 [main] INFO  epam.tasktwo.parser.impl.SentenceParser - Expression transferred to number.
2019-03-07 21:20:58 [main] INFO  epam.tasktwo.parser.impl.SentenceParser - Add word in lexeme
2019-03-07 21:20:58 [main] INFO  epam.tasktwo.parser.impl.SentenceParser - Add lexeme in sentence.
2019-03-07 21:20:58 [main] INFO  epam.tasktwo.parser.impl.SentenceParser - Add symbols in word.
2019-03-07 21:20:58 [main] INFO  epam.tasktwo.parser.impl.SentenceParser - Add word in lexeme
2019-03-07 21:20:58 [main] INFO  epam.tasktwo.parser.impl.SentenceParser - Add lexeme in sentence.
2019-03-07 21:20:58 [main] INFO  epam.tasktwo.parser.impl.SentenceParser - Add symbols in word.
2019-03-07 21:20:58 [main] INFO  epam.tasktwo.parser.impl.SentenceParser - Add word in lexeme
2019-03-07 21:20:58 [main] INFO  epam.tasktwo.parser.impl.SentenceParser - Add lexeme in sentence.
2019-03-07 21:20:58 [main] INFO  epam.tasktwo.parser.impl.SentenceParser - Add symbols in word.
2019-03-07 21:20:58 [main] INFO  epam.tasktwo.parser.impl.SentenceParser - Add word in lexeme
2019-03-07 21:20:58 [main] INFO  epam.tasktwo.parser.impl.SentenceParser - Add lexeme in sentence.
2019-03-07 21:20:58 [main] INFO  epam.tasktwo.parser.impl.SentenceParser - Add symbols in word.
2019-03-07 21:20:58 [main] INFO  epam.tasktwo.parser.impl.SentenceParser - Add word in lexeme
2019-03-07 21:20:58 [main] INFO  epam.tasktwo.parser.impl.SentenceParser - Add lexeme in sentence.
2019-03-07 21:20:58 [main] INFO  epam.tasktwo.parser.impl.SentenceParser - Add symbols in word.
2019-03-07 21:20:58 [main] INFO  epam.tasktwo.parser.impl.SentenceParser - Add word in lexeme
2019-03-07 21:20:58 [main] INFO  epam.tasktwo.parser.impl.SentenceParser - Add lexeme in sentence.
2019-03-07 21:20:58 [main] INFO  epam.tasktwo.parser.impl.SentenceParser - Add symbols in word.
2019-03-07 21:20:58 [main] INFO  epam.tasktwo.parser.impl.SentenceParser - Add word in lexeme
2019-03-07 21:20:58 [main] INFO  epam.tasktwo.parser.impl.SentenceParser - Add lexeme in sentence.
2019-03-07 21:20:58 [main] INFO  epam.tasktwo.parser.impl.SentenceParser - Add symbols in word.
2019-03-07 21:20:58 [main] INFO  epam.tasktwo.parser.impl.SentenceParser - Add word in lexeme
2019-03-07 21:20:58 [main] INFO  epam.tasktwo.parser.impl.SentenceParser - Add lexeme in sentence.
2019-03-07 21:20:58 [main] INFO  epam.tasktwo.parser.impl.SentenceParser - Add symbols in word.
2019-03-07 21:20:58 [main] INFO  epam.tasktwo.parser.impl.SentenceParser - Add word in lexeme
2019-03-07 21:20:58 [main] INFO  epam.tasktwo.parser.impl.SentenceParser - Add lexeme in sentence.
2019-03-07 21:20:58 [main] INFO  epam.tasktwo.parser.impl.SentenceParser - Add symbols in word.
2019-03-07 21:20:58 [main] INFO  epam.tasktwo.parser.impl.SentenceParser - Add word in lexeme
2019-03-07 21:20:58 [main] INFO  epam.tasktwo.parser.impl.SentenceParser - Add lexeme in sentence.
2019-03-07 21:20:58 [main] INFO  epam.tasktwo.parser.impl.SentenceParser - Add symbols in word.
2019-03-07 21:20:58 [main] INFO  epam.tasktwo.parser.impl.SentenceParser - Add symbol and word in lexeme
2019-03-07 21:20:58 [main] INFO  epam.tasktwo.parser.impl.SentenceParser - Add lexeme in sentence.
2019-03-07 21:20:58 [main] INFO  epam.tasktwo.parser.impl.SentenceParser - Add symbols in word.
2019-03-07 21:20:58 [main] INFO  epam.tasktwo.parser.impl.SentenceParser - Add word in lexeme
2019-03-07 21:20:58 [main] INFO  epam.tasktwo.parser.impl.SentenceParser - Add lexeme in sentence.
2019-03-07 21:20:58 [main] INFO  epam.tasktwo.parser.impl.SentenceParser - Add symbols in word.
2019-03-07 21:20:58 [main] INFO  epam.tasktwo.parser.impl.SentenceParser - Add word in lexeme
2019-03-07 21:20:58 [main] INFO  epam.tasktwo.parser.impl.SentenceParser - Add lexeme in sentence.
2019-03-07 21:20:58 [main] INFO  epam.tasktwo.parser.impl.SentenceParser - Add symbols in word.
2019-03-07 21:20:58 [main] INFO  epam.tasktwo.parser.impl.SentenceParser - Add word in lexeme
2019-03-07 21:20:58 [main] INFO  epam.tasktwo.parser.impl.SentenceParser - Add lexeme in sentence.
2019-03-07 21:20:58 [main] INFO  epam.tasktwo.parser.impl.SentenceParser - Add symbols in word.
2019-03-07 21:20:58 [main] INFO  epam.tasktwo.parser.impl.SentenceParser - Add word in lexeme
2019-03-07 21:20:58 [main] INFO  epam.tasktwo.parser.impl.SentenceParser - Add lexeme in sentence.
2019-03-07 21:20:58 [main] INFO  epam.tasktwo.parser.impl.SentenceParser - Add symbols in word.
2019-03-07 21:20:58 [main] INFO  epam.tasktwo.parser.impl.SentenceParser - Add word in lexeme
2019-03-07 21:20:58 [main] INFO  epam.tasktwo.parser.impl.SentenceParser - Add lexeme in sentence.
2019-03-07 21:20:58 [main] INFO  epam.tasktwo.parser.impl.SentenceParser - Add symbols in word.
2019-03-07 21:20:58 [main] INFO  epam.tasktwo.parser.impl.SentenceParser - Add word in lexeme
2019-03-07 21:20:58 [main] INFO  epam.tasktwo.parser.impl.SentenceParser - Add lexeme in sentence.
2019-03-07 21:20:58 [main] INFO  epam.tasktwo.parser.impl.SentenceParser - Add symbols in word.
2019-03-07 21:20:58 [main] INFO  epam.tasktwo.parser.impl.SentenceParser - Add word in lexeme
2019-03-07 21:20:58 [main] INFO  epam.tasktwo.parser.impl.SentenceParser - Add lexeme in sentence.
2019-03-07 21:20:58 [main] INFO  epam.tasktwo.parser.impl.SentenceParser - Add symbols in word.
2019-03-07 21:20:58 [main] INFO  epam.tasktwo.parser.impl.SentenceParser - Add word in lexeme
2019-03-07 21:20:58 [main] INFO  epam.tasktwo.parser.impl.SentenceParser - Add lexeme in sentence.
2019-03-07 21:20:58 [main] INFO  epam.tasktwo.parser.impl.SentenceParser - Add symbols in word.
2019-03-07 21:20:58 [main] INFO  epam.tasktwo.parser.impl.SentenceParser - Add word in lexeme
2019-03-07 21:20:58 [main] INFO  epam.tasktwo.parser.impl.SentenceParser - Add lexeme in sentence.
2019-03-07 21:20:58 [main] INFO  epam.tasktwo.parser.impl.SentenceParser - Add symbols in word.
2019-03-07 21:20:58 [main] INFO  epam.tasktwo.parser.impl.SentenceParser - Add word in lexeme
2019-03-07 21:20:58 [main] INFO  epam.tasktwo.parser.impl.SentenceParser - Add lexeme in sentence.
2019-03-07 21:20:58 [main] INFO  epam.tasktwo.parser.impl.SentenceParser - Add symbols in word.
2019-03-07 21:20:58 [main] INFO  epam.tasktwo.parser.impl.SentenceParser - Add word in lexeme
2019-03-07 21:20:58 [main] INFO  epam.tasktwo.parser.impl.SentenceParser - Add lexeme in sentence.
2019-03-07 21:20:58 [main] INFO  epam.tasktwo.parser.impl.SentenceParser - Add symbols in word.
2019-03-07 21:20:58 [main] INFO  epam.tasktwo.parser.impl.SentenceParser - Add word in lexeme
2019-03-07 21:20:58 [main] INFO  epam.tasktwo.parser.impl.SentenceParser - Add lexeme in sentence.
2019-03-07 21:20:58 [main] INFO  epam.tasktwo.parser.impl.SentenceParser - Add symbols in word.
2019-03-07 21:20:58 [main] INFO  epam.tasktwo.parser.impl.SentenceParser - Add word in lexeme
2019-03-07 21:20:58 [main] INFO  epam.tasktwo.parser.impl.SentenceParser - Add lexeme in sentence.
2019-03-07 21:20:58 [main] INFO  epam.tasktwo.parser.impl.SentenceParser - Add symbols in word.
2019-03-07 21:20:58 [main] INFO  epam.tasktwo.parser.impl.SentenceParser - Add word in lexeme
2019-03-07 21:20:58 [main] INFO  epam.tasktwo.parser.impl.SentenceParser - Add lexeme in sentence.
2019-03-07 21:20:58 [main] INFO  epam.tasktwo.parser.impl.SentenceParser - Add symbols in word.
2019-03-07 21:20:58 [main] INFO  epam.tasktwo.parser.impl.SentenceParser - Add word in lexeme
2019-03-07 21:20:58 [main] INFO  epam.tasktwo.parser.impl.SentenceParser - Add lexeme in sentence.
2019-03-07 21:20:58 [main] INFO  epam.tasktwo.parser.impl.SentenceParser - Add symbol in lexeme
2019-03-07 21:20:58 [main] INFO  epam.tasktwo.parser.impl.SentenceParser - Add lexeme in sentence.
2019-03-07 21:21:32 [main] INFO  epam.tasktwo.parser.impl.SentenceParser - Took the next parser - SymbolParser.
2019-03-07 21:21:32 [main] INFO  epam.tasktwo.parser.impl.SentenceParser - Took the next parser - WordParser.
2019-03-07 21:21:32 [main] INFO  epam.tasktwo.parser.impl.SentenceParser - Took the next parser - ExpressionParser.
2019-03-07 21:21:32 [main] INFO  epam.tasktwo.parser.impl.SentenceParser - Took the next parser - SymbolParser.
2019-03-07 21:21:32 [main] INFO  epam.tasktwo.parser.impl.SentenceParser - Took the next parser - LexemeParser.
2019-03-07 21:21:32 [main] WARN  epam.tasktwo.parser.impl.SentenceParser - Unknown expression: !!!
2019-03-07 21:21:32 [main] INFO  epam.tasktwo.parser.impl.SentenceParser - Add lexeme in sentence.
2019-03-07 21:21:32 [main] INFO  epam.tasktwo.parser.impl.SentenceParser - Add symbols in word.
2019-03-07 21:21:32 [main] INFO  epam.tasktwo.parser.impl.SentenceParser - Add word in lexeme
2019-03-07 21:21:32 [main] INFO  epam.tasktwo.parser.impl.SentenceParser - Add lexeme in sentence.
2019-03-07 21:21:32 [main] INFO  epam.tasktwo.parser.impl.SentenceParser - Add symbols in word.
2019-03-07 21:21:32 [main] INFO  epam.tasktwo.parser.impl.SentenceParser - Add word in lexeme
2019-03-07 21:21:32 [main] INFO  epam.tasktwo.parser.impl.SentenceParser - Add lexeme in sentence.
2019-03-07 21:21:32 [main] INFO  epam.tasktwo.parser.impl.SentenceParser - Add symbols in word.
2019-03-07 21:21:32 [main] INFO  epam.tasktwo.parser.impl.SentenceParser - Add word in lexeme
2019-03-07 21:21:32 [main] INFO  epam.tasktwo.parser.impl.SentenceParser - Add lexeme in sentence.
2019-03-07 21:21:32 [main] INFO  epam.tasktwo.parser.impl.SentenceParser - Add symbols in word.
2019-03-07 21:21:32 [main] INFO  epam.tasktwo.parser.impl.SentenceParser - Add word in lexeme
2019-03-07 21:21:32 [main] INFO  epam.tasktwo.parser.impl.SentenceParser - Add lexeme in sentence.
2019-03-07 21:21:32 [main] INFO  epam.tasktwo.parser.impl.SentenceParser - Add symbols in word.
2019-03-07 21:21:32 [main] INFO  epam.tasktwo.parser.impl.SentenceParser - Add word in lexeme
2019-03-07 21:21:32 [main] INFO  epam.tasktwo.parser.impl.SentenceParser - Add lexeme in sentence.
2019-03-07 21:21:32 [main] INFO  epam.tasktwo.parser.impl.SentenceParser - Expression transferred to number.
2019-03-07 21:21:32 [main] INFO  epam.tasktwo.parser.impl.SentenceParser - Add word in lexeme
2019-03-07 21:21:32 [main] INFO  epam.tasktwo.parser.impl.SentenceParser - Add lexeme in sentence.
2019-03-07 21:21:32 [main] INFO  epam.tasktwo.parser.impl.SentenceParser - Add symbols in word.
2019-03-07 21:21:32 [main] INFO  epam.tasktwo.parser.impl.SentenceParser - Add word in lexeme
2019-03-07 21:21:32 [main] INFO  epam.tasktwo.parser.impl.SentenceParser - Add lexeme in sentence.
2019-03-07 21:21:32 [main] INFO  epam.tasktwo.parser.impl.SentenceParser - Add symbols in word.
2019-03-07 21:21:32 [main] INFO  epam.tasktwo.parser.impl.SentenceParser - Add word in lexeme
2019-03-07 21:21:32 [main] INFO  epam.tasktwo.parser.impl.SentenceParser - Add lexeme in sentence.
2019-03-07 21:21:32 [main] INFO  epam.tasktwo.parser.impl.SentenceParser - Add symbols in word.
2019-03-07 21:21:32 [main] INFO  epam.tasktwo.parser.impl.SentenceParser - Add word in lexeme
2019-03-07 21:21:32 [main] INFO  epam.tasktwo.parser.impl.SentenceParser - Add lexeme in sentence.
2019-03-07 21:21:32 [main] INFO  epam.tasktwo.parser.impl.SentenceParser - Add symbols in word.
2019-03-07 21:21:32 [main] INFO  epam.tasktwo.parser.impl.SentenceParser - Add word in lexeme
2019-03-07 21:21:32 [main] INFO  epam.tasktwo.parser.impl.SentenceParser - Add lexeme in sentence.
2019-03-07 21:21:32 [main] INFO  epam.tasktwo.parser.impl.SentenceParser - Add symbols in word.
2019-03-07 21:21:32 [main] INFO  epam.tasktwo.parser.impl.SentenceParser - Add word in lexeme
2019-03-07 21:21:32 [main] INFO  epam.tasktwo.parser.impl.SentenceParser - Add lexeme in sentence.
2019-03-07 21:21:32 [main] INFO  epam.tasktwo.parser.impl.SentenceParser - Add symbols in word.
2019-03-07 21:21:32 [main] INFO  epam.tasktwo.parser.impl.SentenceParser - Add word in lexeme
2019-03-07 21:21:32 [main] INFO  epam.tasktwo.parser.impl.SentenceParser - Add lexeme in sentence.
2019-03-07 21:21:32 [main] INFO  epam.tasktwo.parser.impl.SentenceParser - Add symbols in word.
2019-03-07 21:21:32 [main] INFO  epam.tasktwo.parser.impl.SentenceParser - Add word in lexeme
2019-03-07 21:21:32 [main] INFO  epam.tasktwo.parser.impl.SentenceParser - Add lexeme in sentence.
2019-03-07 21:21:32 [main] INFO  epam.tasktwo.parser.impl.SentenceParser - Add symbols in word.
2019-03-07 21:21:32 [main] INFO  epam.tasktwo.parser.impl.SentenceParser - Add word in lexeme
2019-03-07 21:21:32 [main] INFO  epam.tasktwo.parser.impl.SentenceParser - Add lexeme in sentence.
2019-03-07 21:21:32 [main] INFO  epam.tasktwo.parser.impl.SentenceParser - Add symbols in word.
2019-03-07 21:21:32 [main] INFO  epam.tasktwo.parser.impl.SentenceParser - Add word in lexeme
2019-03-07 21:21:32 [main] INFO  epam.tasktwo.parser.impl.SentenceParser - Add lexeme in sentence.
2019-03-07 21:21:32 [main] INFO  epam.tasktwo.parser.impl.SentenceParser - Add symbols in word.
2019-03-07 21:21:32 [main] INFO  epam.tasktwo.parser.impl.SentenceParser - Add symbol and word in lexeme
2019-03-07 21:21:32 [main] INFO  epam.tasktwo.parser.impl.SentenceParser - Add lexeme in sentence.
2019-03-07 21:21:32 [main] INFO  epam.tasktwo.parser.impl.SentenceParser - Add symbols in word.
2019-03-07 21:21:32 [main] INFO  epam.tasktwo.parser.impl.SentenceParser - Add word in lexeme
2019-03-07 21:21:32 [main] INFO  epam.tasktwo.parser.impl.SentenceParser - Add lexeme in sentence.
2019-03-07 21:21:32 [main] INFO  epam.tasktwo.parser.impl.SentenceParser - Add symbols in word.
2019-03-07 21:21:32 [main] INFO  epam.tasktwo.parser.impl.SentenceParser - Add word in lexeme
2019-03-07 21:21:32 [main] INFO  epam.tasktwo.parser.impl.SentenceParser - Add lexeme in sentence.
2019-03-07 21:21:32 [main] INFO  epam.tasktwo.parser.impl.SentenceParser - Add symbols in word.
2019-03-07 21:21:32 [main] INFO  epam.tasktwo.parser.impl.SentenceParser - Add word in lexeme
2019-03-07 21:21:32 [main] INFO  epam.tasktwo.parser.impl.SentenceParser - Add lexeme in sentence.
2019-03-07 21:21:32 [main] INFO  epam.tasktwo.parser.impl.SentenceParser - Add symbols in word.
2019-03-07 21:21:32 [main] INFO  epam.tasktwo.parser.impl.SentenceParser - Add word in lexeme
2019-03-07 21:21:32 [main] INFO  epam.tasktwo.parser.impl.SentenceParser - Add lexeme in sentence.
2019-03-07 21:21:32 [main] INFO  epam.tasktwo.parser.impl.SentenceParser - Add symbols in word.
2019-03-07 21:21:32 [main] INFO  epam.tasktwo.parser.impl.SentenceParser - Add word in lexeme
2019-03-07 21:21:32 [main] INFO  epam.tasktwo.parser.impl.SentenceParser - Add lexeme in sentence.
2019-03-07 21:21:32 [main] INFO  epam.tasktwo.parser.impl.SentenceParser - Add symbols in word.
2019-03-07 21:21:32 [main] INFO  epam.tasktwo.parser.impl.SentenceParser - Add word in lexeme
2019-03-07 21:21:32 [main] INFO  epam.tasktwo.parser.impl.SentenceParser - Add lexeme in sentence.
2019-03-07 21:21:32 [main] INFO  epam.tasktwo.parser.impl.SentenceParser - Add symbols in word.
2019-03-07 21:21:32 [main] INFO  epam.tasktwo.parser.impl.SentenceParser - Add word in lexeme
2019-03-07 21:21:32 [main] INFO  epam.tasktwo.parser.impl.SentenceParser - Add lexeme in sentence.
2019-03-07 21:21:32 [main] INFO  epam.tasktwo.parser.impl.SentenceParser - Add symbols in word.
2019-03-07 21:21:32 [main] INFO  epam.tasktwo.parser.impl.SentenceParser - Add word in lexeme
2019-03-07 21:21:32 [main] INFO  epam.tasktwo.parser.impl.SentenceParser - Add lexeme in sentence.
2019-03-07 21:21:32 [main] INFO  epam.tasktwo.parser.impl.SentenceParser - Add symbols in word.
2019-03-07 21:21:32 [main] INFO  epam.tasktwo.parser.impl.SentenceParser - Add word in lexeme
2019-03-07 21:21:32 [main] INFO  epam.tasktwo.parser.impl.SentenceParser - Add lexeme in sentence.
2019-03-07 21:21:32 [main] INFO  epam.tasktwo.parser.impl.SentenceParser - Add symbols in word.
2019-03-07 21:21:32 [main] INFO  epam.tasktwo.parser.impl.SentenceParser - Add word in lexeme
2019-03-07 21:21:32 [main] INFO  epam.tasktwo.parser.impl.SentenceParser - Add lexeme in sentence.
2019-03-07 21:21:32 [main] INFO  epam.tasktwo.parser.impl.SentenceParser - Add symbols in word.
2019-03-07 21:21:32 [main] INFO  epam.tasktwo.parser.impl.SentenceParser - Add word in lexeme
2019-03-07 21:21:32 [main] INFO  epam.tasktwo.parser.impl.SentenceParser - Add lexeme in sentence.
2019-03-07 21:21:32 [main] INFO  epam.tasktwo.parser.impl.SentenceParser - Add symbols in word.
2019-03-07 21:21:32 [main] INFO  epam.tasktwo.parser.impl.SentenceParser - Add word in lexeme
2019-03-07 21:21:32 [main] INFO  epam.tasktwo.parser.impl.SentenceParser - Add lexeme in sentence.
2019-03-07 21:21:32 [main] INFO  epam.tasktwo.parser.impl.SentenceParser - Add symbols in word.
2019-03-07 21:21:32 [main] INFO  epam.tasktwo.parser.impl.SentenceParser - Add word in lexeme
2019-03-07 21:21:32 [main] INFO  epam.tasktwo.parser.impl.SentenceParser - Add lexeme in sentence.
2019-03-07 21:21:32 [main] INFO  epam.tasktwo.parser.impl.SentenceParser - Add symbols in word.
2019-03-07 21:21:32 [main] INFO  epam.tasktwo.parser.impl.SentenceParser - Add word in lexeme
2019-03-07 21:21:32 [main] INFO  epam.tasktwo.parser.impl.SentenceParser - Add lexeme in sentence.
2019-03-07 21:21:32 [main] WARN  epam.tasktwo.parser.impl.SentenceParser - Unknown expression: Ipsum.!!!
2019-03-07 21:21:32 [main] INFO  epam.tasktwo.parser.impl.SentenceParser - Add lexeme in sentence.
2019-03-07 21:22:32 [main] INFO  epam.tasktwo.parser.impl.SentenceParser - Took the next parser - SymbolParser.
2019-03-07 21:22:32 [main] INFO  epam.tasktwo.parser.impl.SentenceParser - Took the next parser - WordParser.
2019-03-07 21:22:32 [main] INFO  epam.tasktwo.parser.impl.SentenceParser - Took the next parser - ExpressionParser.
2019-03-07 21:22:32 [main] INFO  epam.tasktwo.parser.impl.SentenceParser - Took the next parser - SymbolParser.
2019-03-07 21:22:32 [main] INFO  epam.tasktwo.parser.impl.SentenceParser - Took the next parser - LexemeParser.
2019-03-07 21:22:32 [main] WARN  epam.tasktwo.parser.impl.SentenceParser - Unknown expression: !!!
2019-03-07 21:22:32 [main] INFO  epam.tasktwo.parser.impl.SentenceParser - Add lexeme in sentence.
2019-03-07 21:22:32 [main] INFO  epam.tasktwo.parser.impl.SentenceParser - Add symbols in word.
2019-03-07 21:22:32 [main] INFO  epam.tasktwo.parser.impl.SentenceParser - Add word in lexeme
2019-03-07 21:22:32 [main] INFO  epam.tasktwo.parser.impl.SentenceParser - Add lexeme in sentence.
2019-03-07 21:22:32 [main] INFO  epam.tasktwo.parser.impl.SentenceParser - Add symbols in word.
2019-03-07 21:22:32 [main] INFO  epam.tasktwo.parser.impl.SentenceParser - Add word in lexeme
2019-03-07 21:22:32 [main] INFO  epam.tasktwo.parser.impl.SentenceParser - Add lexeme in sentence.
2019-03-07 21:22:32 [main] INFO  epam.tasktwo.parser.impl.SentenceParser - Add symbols in word.
2019-03-07 21:22:32 [main] INFO  epam.tasktwo.parser.impl.SentenceParser - Add word in lexeme
2019-03-07 21:22:32 [main] INFO  epam.tasktwo.parser.impl.SentenceParser - Add lexeme in sentence.
2019-03-07 21:22:32 [main] INFO  epam.tasktwo.parser.impl.SentenceParser - Add symbols in word.
2019-03-07 21:22:32 [main] INFO  epam.tasktwo.parser.impl.SentenceParser - Add word in lexeme
2019-03-07 21:22:32 [main] INFO  epam.tasktwo.parser.impl.SentenceParser - Add lexeme in sentence.
2019-03-07 21:22:32 [main] INFO  epam.tasktwo.parser.impl.SentenceParser - Add symbols in word.
2019-03-07 21:22:32 [main] INFO  epam.tasktwo.parser.impl.SentenceParser - Add word in lexeme
2019-03-07 21:22:32 [main] INFO  epam.tasktwo.parser.impl.SentenceParser - Add lexeme in sentence.
2019-03-07 21:22:32 [main] INFO  epam.tasktwo.parser.impl.SentenceParser - Expression transferred to number.
2019-03-07 21:22:32 [main] INFO  epam.tasktwo.parser.impl.SentenceParser - Add word in lexeme
2019-03-07 21:22:32 [main] INFO  epam.tasktwo.parser.impl.SentenceParser - Add lexeme in sentence.
2019-03-07 21:22:32 [main] INFO  epam.tasktwo.parser.impl.SentenceParser - Add symbols in word.
2019-03-07 21:22:32 [main] INFO  epam.tasktwo.parser.impl.SentenceParser - Add word in lexeme
2019-03-07 21:22:32 [main] INFO  epam.tasktwo.parser.impl.SentenceParser - Add lexeme in sentence.
2019-03-07 21:22:32 [main] INFO  epam.tasktwo.parser.impl.SentenceParser - Add symbols in word.
2019-03-07 21:22:32 [main] INFO  epam.tasktwo.parser.impl.SentenceParser - Add word in lexeme
2019-03-07 21:22:32 [main] INFO  epam.tasktwo.parser.impl.SentenceParser - Add lexeme in sentence.
2019-03-07 21:22:32 [main] INFO  epam.tasktwo.parser.impl.SentenceParser - Add symbols in word.
2019-03-07 21:22:32 [main] INFO  epam.tasktwo.parser.impl.SentenceParser - Add word in lexeme
2019-03-07 21:22:32 [main] INFO  epam.tasktwo.parser.impl.SentenceParser - Add lexeme in sentence.
2019-03-07 21:22:32 [main] INFO  epam.tasktwo.parser.impl.SentenceParser - Add symbols in word.
2019-03-07 21:22:32 [main] INFO  epam.tasktwo.parser.impl.SentenceParser - Add word in lexeme
2019-03-07 21:22:32 [main] INFO  epam.tasktwo.parser.impl.SentenceParser - Add lexeme in sentence.
2019-03-07 21:22:32 [main] INFO  epam.tasktwo.parser.impl.SentenceParser - Add symbols in word.
2019-03-07 21:22:32 [main] INFO  epam.tasktwo.parser.impl.SentenceParser - Add word in lexeme
2019-03-07 21:22:32 [main] INFO  epam.tasktwo.parser.impl.SentenceParser - Add lexeme in sentence.
2019-03-07 21:22:32 [main] INFO  epam.tasktwo.parser.impl.SentenceParser - Add symbols in word.
2019-03-07 21:22:32 [main] INFO  epam.tasktwo.parser.impl.SentenceParser - Add word in lexeme
2019-03-07 21:22:32 [main] INFO  epam.tasktwo.parser.impl.SentenceParser - Add lexeme in sentence.
2019-03-07 21:22:32 [main] INFO  epam.tasktwo.parser.impl.SentenceParser - Add symbols in word.
2019-03-07 21:22:32 [main] INFO  epam.tasktwo.parser.impl.SentenceParser - Add word in lexeme
2019-03-07 21:22:32 [main] INFO  epam.tasktwo.parser.impl.SentenceParser - Add lexeme in sentence.
2019-03-07 21:22:32 [main] INFO  epam.tasktwo.parser.impl.SentenceParser - Add symbols in word.
2019-03-07 21:22:32 [main] INFO  epam.tasktwo.parser.impl.SentenceParser - Add word in lexeme
2019-03-07 21:22:32 [main] INFO  epam.tasktwo.parser.impl.SentenceParser - Add lexeme in sentence.
2019-03-07 21:22:32 [main] INFO  epam.tasktwo.parser.impl.SentenceParser - Add symbols in word.
2019-03-07 21:22:32 [main] INFO  epam.tasktwo.parser.impl.SentenceParser - Add word in lexeme
2019-03-07 21:22:32 [main] INFO  epam.tasktwo.parser.impl.SentenceParser - Add lexeme in sentence.
2019-03-07 21:22:32 [main] INFO  epam.tasktwo.parser.impl.SentenceParser - Add symbols in word.
2019-03-07 21:22:32 [main] INFO  epam.tasktwo.parser.impl.SentenceParser - Add symbol and word in lexeme
2019-03-07 21:22:32 [main] INFO  epam.tasktwo.parser.impl.SentenceParser - Add lexeme in sentence.
2019-03-07 21:22:32 [main] INFO  epam.tasktwo.parser.impl.SentenceParser - Add symbols in word.
2019-03-07 21:22:32 [main] INFO  epam.tasktwo.parser.impl.SentenceParser - Add word in lexeme
2019-03-07 21:22:32 [main] INFO  epam.tasktwo.parser.impl.SentenceParser - Add lexeme in sentence.
2019-03-07 21:22:32 [main] INFO  epam.tasktwo.parser.impl.SentenceParser - Add symbols in word.
2019-03-07 21:22:32 [main] INFO  epam.tasktwo.parser.impl.SentenceParser - Add word in lexeme
2019-03-07 21:22:32 [main] INFO  epam.tasktwo.parser.impl.SentenceParser - Add lexeme in sentence.
2019-03-07 21:22:32 [main] INFO  epam.tasktwo.parser.impl.SentenceParser - Add symbols in word.
2019-03-07 21:22:32 [main] INFO  epam.tasktwo.parser.impl.SentenceParser - Add word in lexeme
2019-03-07 21:22:32 [main] INFO  epam.tasktwo.parser.impl.SentenceParser - Add lexeme in sentence.
2019-03-07 21:22:32 [main] INFO  epam.tasktwo.parser.impl.SentenceParser - Add symbols in word.
2019-03-07 21:22:32 [main] INFO  epam.tasktwo.parser.impl.SentenceParser - Add word in lexeme
2019-03-07 21:22:32 [main] INFO  epam.tasktwo.parser.impl.SentenceParser - Add lexeme in sentence.
2019-03-07 21:22:32 [main] INFO  epam.tasktwo.parser.impl.SentenceParser - Add symbols in word.
2019-03-07 21:22:32 [main] INFO  epam.tasktwo.parser.impl.SentenceParser - Add word in lexeme
2019-03-07 21:22:32 [main] INFO  epam.tasktwo.parser.impl.SentenceParser - Add lexeme in sentence.
2019-03-07 21:22:32 [main] INFO  epam.tasktwo.parser.impl.SentenceParser - Add symbols in word.
2019-03-07 21:22:32 [main] INFO  epam.tasktwo.parser.impl.SentenceParser - Add word in lexeme
2019-03-07 21:22:32 [main] INFO  epam.tasktwo.parser.impl.SentenceParser - Add lexeme in sentence.
2019-03-07 21:22:32 [main] INFO  epam.tasktwo.parser.impl.SentenceParser - Add symbols in word.
2019-03-07 21:22:32 [main] INFO  epam.tasktwo.parser.impl.SentenceParser - Add word in lexeme
2019-03-07 21:22:32 [main] INFO  epam.tasktwo.parser.impl.SentenceParser - Add lexeme in sentence.
2019-03-07 21:22:32 [main] INFO  epam.tasktwo.parser.impl.SentenceParser - Add symbols in word.
2019-03-07 21:22:32 [main] INFO  epam.tasktwo.parser.impl.SentenceParser - Add word in lexeme
2019-03-07 21:22:32 [main] INFO  epam.tasktwo.parser.impl.SentenceParser - Add lexeme in sentence.
2019-03-07 21:22:32 [main] INFO  epam.tasktwo.parser.impl.SentenceParser - Add symbols in word.
2019-03-07 21:22:32 [main] INFO  epam.tasktwo.parser.impl.SentenceParser - Add word in lexeme
2019-03-07 21:22:32 [main] INFO  epam.tasktwo.parser.impl.SentenceParser - Add lexeme in sentence.
2019-03-07 21:22:32 [main] INFO  epam.tasktwo.parser.impl.SentenceParser - Add symbols in word.
2019-03-07 21:22:32 [main] INFO  epam.tasktwo.parser.impl.SentenceParser - Add word in lexeme
2019-03-07 21:22:32 [main] INFO  epam.tasktwo.parser.impl.SentenceParser - Add lexeme in sentence.
