2019-03-07 22:11:32 [main] INFO  epam.tasktwo.parser.impl.SentenceParser - Add word in lexeme
2019-03-07 22:11:32 [main] INFO  epam.tasktwo.parser.impl.SentenceParser - Add symbol in lexeme
2019-03-07 22:11:32 [main] INFO  epam.tasktwo.parser.impl.SentenceParser - Add symbols in word.
2019-03-07 22:11:32 [main] INFO  epam.tasktwo.parser.impl.SentenceParser - Add word in lexeme
2019-03-07 22:11:32 [main] INFO  epam.tasktwo.parser.impl.SentenceParser - Add symbols in word.
2019-03-07 22:11:32 [main] INFO  epam.tasktwo.parser.impl.SentenceParser - Add word in lexeme
2019-03-07 22:11:32 [main] INFO  epam.tasktwo.parser.impl.SentenceParser - Add symbol in lexeme
2019-03-07 22:11:32 [main] INFO  epam.tasktwo.parser.impl.SentenceParser - Add symbols in word.
2019-03-07 22:11:32 [main] INFO  epam.tasktwo.parser.impl.SentenceParser - Add word in lexeme
2019-03-07 22:11:32 [main] INFO  epam.tasktwo.parser.impl.SentenceParser - Add lexemes in sentence.
2019-03-07 22:11:32 [main] INFO  epam.tasktwo.parser.impl.SentenceParser - Add symbol in lexeme
2019-03-07 22:11:32 [main] INFO  epam.tasktwo.parser.impl.SentenceParser - Add lexemes in sentence.
2019-03-07 22:11:32 [main] INFO  epam.tasktwo.parser.impl.ParagraphParser - Add sentence in paragraph.
2019-03-07 22:11:32 [main] WARN  epam.tasktwo.parser.impl.SentenceParser - Unknown expression: !!!
2019-03-07 22:11:32 [main] INFO  epam.tasktwo.parser.impl.SentenceParser - Add symbols in word.
2019-03-07 22:11:32 [main] INFO  epam.tasktwo.parser.impl.SentenceParser - Add word in lexeme
2019-03-07 22:11:32 [main] INFO  epam.tasktwo.parser.impl.SentenceParser - Add symbols in word.
2019-03-07 22:11:32 [main] INFO  epam.tasktwo.parser.impl.SentenceParser - Add word in lexeme
2019-03-07 22:11:32 [main] INFO  epam.tasktwo.parser.impl.SentenceParser - Add symbols in word.
2019-03-07 22:11:32 [main] INFO  epam.tasktwo.parser.impl.SentenceParser - Add word in lexeme
2019-03-07 22:11:32 [main] INFO  epam.tasktwo.parser.impl.SentenceParser - Add symbols in word.
2019-03-07 22:11:32 [main] INFO  epam.tasktwo.parser.impl.SentenceParser - Add word in lexeme
2019-03-07 22:11:32 [main] INFO  epam.tasktwo.parser.impl.SentenceParser - Add lexemes in sentence.
2019-03-07 22:11:32 [main] INFO  epam.tasktwo.parser.impl.SentenceParser - Add symbol in lexeme
2019-03-07 22:11:32 [main] INFO  epam.tasktwo.parser.impl.SentenceParser - Add lexemes in sentence.
2019-03-07 22:11:32 [main] INFO  epam.tasktwo.parser.impl.ParagraphParser - Add sentence in paragraph.
2019-03-07 22:11:32 [main] INFO  epam.tasktwo.parser.impl.TextParser - Add paragraph in text.
2019-03-07 22:11:32 [main] INFO  epam.tasktwo.parser.impl.SentenceParser - Add symbols in word.
2019-03-07 22:11:32 [main] INFO  epam.tasktwo.parser.impl.SentenceParser - Add word in lexeme
2019-03-07 22:11:32 [main] INFO  epam.tasktwo.parser.impl.SentenceParser - Add symbols in word.
2019-03-07 22:11:32 [main] INFO  epam.tasktwo.parser.impl.SentenceParser - Add word in lexeme
2019-03-07 22:11:32 [main] INFO  epam.tasktwo.parser.impl.SentenceParser - Add symbol in lexeme
2019-03-07 22:11:32 [main] INFO  epam.tasktwo.parser.impl.SentenceParser - Add symbols in word.
2019-03-07 22:11:32 [main] INFO  epam.tasktwo.parser.impl.SentenceParser - Add word in lexeme
2019-03-07 22:11:32 [main] INFO  epam.tasktwo.parser.impl.SentenceParser - Add symbols in word.
2019-03-07 22:11:32 [main] INFO  epam.tasktwo.parser.impl.SentenceParser - Add word in lexeme
2019-03-07 22:11:32 [main] INFO  epam.tasktwo.parser.impl.SentenceParser - Add symbols in word.
2019-03-07 22:11:32 [main] INFO  epam.tasktwo.parser.impl.SentenceParser - Add word in lexeme
2019-03-07 22:11:32 [main] INFO  epam.tasktwo.parser.impl.SentenceParser - Add symbol in lexeme
2019-03-07 22:11:32 [main] INFO  epam.tasktwo.parser.impl.SentenceParser - Add symbols in word.
2019-03-07 22:11:32 [main] INFO  epam.tasktwo.parser.impl.SentenceParser - Add word in lexeme
2019-03-07 22:11:32 [main] INFO  epam.tasktwo.parser.impl.SentenceParser - Add symbols in word.
2019-03-07 22:11:32 [main] INFO  epam.tasktwo.parser.impl.SentenceParser - Add word in lexeme
2019-03-07 22:11:32 [main] INFO  epam.tasktwo.parser.impl.SentenceParser - Add symbols in word.
2019-03-07 22:11:32 [main] INFO  epam.tasktwo.parser.impl.SentenceParser - Add word in lexeme
2019-03-07 22:11:32 [main] INFO  epam.tasktwo.parser.impl.SentenceParser - Add symbols in word.
2019-03-07 22:11:32 [main] INFO  epam.tasktwo.parser.impl.SentenceParser - Add word in lexeme
2019-03-07 22:11:32 [main] INFO  epam.tasktwo.parser.impl.SentenceParser - Add symbol in lexeme
2019-03-07 22:11:32 [main] INFO  epam.tasktwo.parser.impl.SentenceParser - Add symbols in word.
2019-03-07 22:11:32 [main] INFO  epam.tasktwo.parser.impl.SentenceParser - Add word in lexeme
2019-03-07 22:11:32 [main] INFO  epam.tasktwo.parser.impl.SentenceParser - Add symbols in word.
2019-03-07 22:11:32 [main] INFO  epam.tasktwo.parser.impl.SentenceParser - Add word in lexeme
2019-03-07 22:11:32 [main] INFO  epam.tasktwo.parser.impl.SentenceParser - Add symbols in word.
2019-03-07 22:11:32 [main] INFO  epam.tasktwo.parser.impl.SentenceParser - Add word in lexeme
2019-03-07 22:11:32 [main] INFO  epam.tasktwo.parser.impl.SentenceParser - Add symbols in word.
2019-03-07 22:11:32 [main] INFO  epam.tasktwo.parser.impl.SentenceParser - Add word in lexeme
2019-03-07 22:11:32 [main] INFO  epam.tasktwo.parser.impl.SentenceParser - Add symbols in word.
2019-03-07 22:11:32 [main] INFO  epam.tasktwo.parser.impl.SentenceParser - Add word in lexeme
2019-03-07 22:11:32 [main] INFO  epam.tasktwo.parser.impl.SentenceParser - Add symbols in word.
2019-03-07 22:11:32 [main] INFO  epam.tasktwo.parser.impl.SentenceParser - Add word in lexeme
2019-03-07 22:11:32 [main] INFO  epam.tasktwo.parser.impl.SentenceParser - Add lexemes in sentence.
2019-03-07 22:11:32 [main] INFO  epam.tasktwo.parser.impl.SentenceParser - Add symbol in lexeme
2019-03-07 22:11:32 [main] INFO  epam.tasktwo.parser.impl.SentenceParser - Add lexemes in sentence.
2019-03-07 22:11:32 [main] INFO  epam.tasktwo.parser.impl.ParagraphParser - Add sentence in paragraph.
2019-03-07 22:11:32 [main] INFO  epam.tasktwo.parser.impl.TextParser - Add paragraph in text.
2019-03-07 22:11:32 [main] INFO  epam.tasktwo.parser.impl.SentenceParser - Took the next parser - SymbolParser.
2019-03-07 22:11:32 [main] INFO  epam.tasktwo.parser.impl.SentenceParser - Took the next parser - WordParser.
2019-03-07 22:11:32 [main] INFO  epam.tasktwo.parser.impl.SentenceParser - Took the next parser - ExpressionParser.
2019-03-07 22:11:32 [main] INFO  epam.tasktwo.parser.impl.SentenceParser - Took the next parser - SymbolParser.
2019-03-07 22:11:32 [main] INFO  epam.tasktwo.parser.impl.SentenceParser - Took the next parser - LexemeParser.
2019-03-07 22:11:32 [main] INFO  epam.tasktwo.parser.impl.ParagraphParser - Took the next parser - SentenceParser.
2019-03-07 22:11:32 [main] INFO  epam.tasktwo.parser.impl.TextParser - Took the next parser - ParagraphParser.
2019-03-07 22:11:32 [main] INFO  epam.tasktwo.parser.impl.SentenceParser - Add symbols in word.
2019-03-07 22:11:32 [main] INFO  epam.tasktwo.parser.impl.SentenceParser - Add word in lexeme
2019-03-07 22:11:32 [main] INFO  epam.tasktwo.parser.impl.SentenceParser - Add symbols in word.
2019-03-07 22:11:32 [main] INFO  epam.tasktwo.parser.impl.SentenceParser - Add word in lexeme
2019-03-07 22:11:32 [main] INFO  epam.tasktwo.parser.impl.SentenceParser - Add symbols in word.
2019-03-07 22:11:32 [main] INFO  epam.tasktwo.parser.impl.SentenceParser - Add word in lexeme
2019-03-07 22:11:32 [main] INFO  epam.tasktwo.parser.impl.SentenceParser - Add lexemes in sentence.
2019-03-07 22:11:32 [main] INFO  epam.tasktwo.parser.impl.SentenceParser - Add symbol in lexeme
2019-03-07 22:11:32 [main] INFO  epam.tasktwo.parser.impl.SentenceParser - Add lexemes in sentence.
2019-03-07 22:11:32 [main] INFO  epam.tasktwo.parser.impl.ParagraphParser - Add sentence in paragraph.
2019-03-07 22:11:32 [main] WARN  epam.tasktwo.parser.impl.SentenceParser - Unknown expression: !!!
2019-03-07 22:11:32 [main] INFO  epam.tasktwo.parser.impl.SentenceParser - Add symbol in lexeme
2019-03-07 22:11:32 [main] INFO  epam.tasktwo.parser.impl.SentenceParser - Add symbols in word.
2019-03-07 22:11:32 [main] INFO  epam.tasktwo.parser.impl.SentenceParser - Add word in lexeme
2019-03-07 22:11:32 [main] INFO  epam.tasktwo.parser.impl.SentenceParser - Add symbols in word.
2019-03-07 22:11:32 [main] INFO  epam.tasktwo.parser.impl.SentenceParser - Add word in lexeme
2019-03-07 22:11:32 [main] INFO  epam.tasktwo.parser.impl.SentenceParser - Add lexemes in sentence.
2019-03-07 22:11:32 [main] INFO  epam.tasktwo.parser.impl.SentenceParser - Add symbol in lexeme
2019-03-07 22:11:32 [main] INFO  epam.tasktwo.parser.impl.SentenceParser - Add lexemes in sentence.
2019-03-07 22:11:32 [main] INFO  epam.tasktwo.parser.impl.ParagraphParser - Add sentence in paragraph.
2019-03-07 22:11:32 [main] INFO  epam.tasktwo.parser.impl.TextParser - Add paragraph in text.
2019-03-07 22:11:32 [main] INFO  epam.tasktwo.parser.impl.SentenceParser - Add symbols in word.
2019-03-07 22:11:32 [main] INFO  epam.tasktwo.parser.impl.SentenceParser - Add word in lexeme
2019-03-07 22:11:32 [main] INFO  epam.tasktwo.parser.impl.SentenceParser - Add symbols in word.
2019-03-07 22:11:32 [main] INFO  epam.tasktwo.parser.impl.SentenceParser - Add word in lexeme
2019-03-07 22:11:32 [main] INFO  epam.tasktwo.parser.impl.SentenceParser - Add symbols in word.
2019-03-07 22:11:32 [main] INFO  epam.tasktwo.parser.impl.SentenceParser - Add word in lexeme
2019-03-07 22:11:32 [main] INFO  epam.tasktwo.parser.impl.SentenceParser - Add symbols in word.
2019-03-07 22:11:32 [main] INFO  epam.tasktwo.parser.impl.SentenceParser - Add word in lexeme
2019-03-07 22:11:32 [main] INFO  epam.tasktwo.parser.impl.SentenceParser - Add lexemes in sentence.
2019-03-07 22:11:32 [main] INFO  epam.tasktwo.parser.impl.SentenceParser - Add symbol in lexeme
2019-03-07 22:11:32 [main] INFO  epam.tasktwo.parser.impl.SentenceParser - Add lexemes in sentence.
2019-03-07 22:11:32 [main] INFO  epam.tasktwo.parser.impl.ParagraphParser - Add sentence in paragraph.
2019-03-07 22:11:32 [main] INFO  epam.tasktwo.parser.impl.TextParser - Add paragraph in text.
2019-03-07 22:11:32 [main] INFO  com.epam.tasktwo.reader.DataReader - File:data\Text.txt was successfully read
2019-03-07 22:11:32 [main] INFO  epam.tasktwo.parser.impl.SentenceParser - Took the next parser - SymbolParser.
2019-03-07 22:11:32 [main] INFO  epam.tasktwo.parser.impl.SentenceParser - Took the next parser - WordParser.
2019-03-07 22:11:32 [main] INFO  epam.tasktwo.parser.impl.SentenceParser - Took the next parser - ExpressionParser.
2019-03-07 22:11:32 [main] INFO  epam.tasktwo.parser.impl.SentenceParser - Took the next parser - SymbolParser.
2019-03-07 22:11:32 [main] INFO  epam.tasktwo.parser.impl.SentenceParser - Took the next parser - LexemeParser.
2019-03-07 22:11:32 [main] INFO  epam.tasktwo.parser.impl.ParagraphParser - Took the next parser - SentenceParser.
2019-03-07 22:11:32 [main] INFO  epam.tasktwo.parser.impl.TextParser - Took the next parser - ParagraphParser.
2019-03-07 22:11:32 [main] INFO  epam.tasktwo.parser.impl.SentenceParser - Add symbols in word.
2019-03-07 22:11:32 [main] INFO  epam.tasktwo.parser.impl.SentenceParser - Add word in lexeme
2019-03-07 22:11:32 [main] INFO  epam.tasktwo.parser.impl.SentenceParser - Add symbols in word.
2019-03-07 22:11:32 [main] INFO  epam.tasktwo.parser.impl.SentenceParser - Add word in lexeme
2019-03-07 22:11:32 [main] INFO  epam.tasktwo.parser.impl.SentenceParser - Add symbols in word.
2019-03-07 22:11:32 [main] INFO  epam.tasktwo.parser.impl.SentenceParser - Add word in lexeme
2019-03-07 22:11:32 [main] INFO  epam.tasktwo.parser.impl.SentenceParser - Add symbol in lexeme
2019-03-07 22:11:32 [main] INFO  epam.tasktwo.parser.impl.SentenceParser - Add symbols in word.
2019-03-07 22:11:32 [main] INFO  epam.tasktwo.parser.impl.SentenceParser - Add word in lexeme
2019-03-07 22:11:32 [main] INFO  epam.tasktwo.parser.impl.SentenceParser - Add symbols in word.
2019-03-07 22:11:32 [main] INFO  epam.tasktwo.parser.impl.SentenceParser - Add word in lexeme
2019-03-07 22:11:32 [main] INFO  epam.tasktwo.parser.impl.SentenceParser - Add symbols in word.
2019-03-07 22:11:32 [main] INFO  epam.tasktwo.parser.impl.SentenceParser - Add symbol, word, symbol in lexeme
2019-03-07 22:11:32 [main] INFO  epam.tasktwo.parser.impl.SentenceParser - Add symbols in word.
2019-03-07 22:11:32 [main] INFO  epam.tasktwo.parser.impl.SentenceParser - Add symbol and word in lexeme
2019-03-07 22:11:32 [main] INFO  epam.tasktwo.parser.impl.SentenceParser - Add symbols in word.
2019-03-07 22:11:32 [main] INFO  epam.tasktwo.parser.impl.SentenceParser - Add word in lexeme
2019-03-07 22:11:32 [main] INFO  epam.tasktwo.parser.impl.SentenceParser - Add symbols in word.
2019-03-07 22:11:32 [main] INFO  epam.tasktwo.parser.impl.SentenceParser - Add word in lexeme
2019-03-07 22:11:32 [main] INFO  epam.tasktwo.parser.impl.SentenceParser - Add symbols in word.
2019-03-07 22:11:32 [main] INFO  epam.tasktwo.parser.impl.SentenceParser - Add word in lexeme
2019-03-07 22:11:32 [main] INFO  epam.tasktwo.parser.impl.SentenceParser - Add symbols in word.
2019-03-07 22:11:32 [main] INFO  epam.tasktwo.parser.impl.SentenceParser - Add word in lexeme
2019-03-07 22:11:32 [main] INFO  epam.tasktwo.parser.impl.SentenceParser - Add symbols in word.
2019-03-07 22:11:32 [main] INFO  epam.tasktwo.parser.impl.SentenceParser - Add word in lexeme
2019-03-07 22:11:32 [main] INFO  epam.tasktwo.parser.impl.SentenceParser - Add symbols in word.
2019-03-07 22:11:32 [main] INFO  epam.tasktwo.parser.impl.SentenceParser - Add word in lexeme
2019-03-07 22:11:32 [main] INFO  epam.tasktwo.parser.impl.SentenceParser - Add symbols in word.
2019-03-07 22:11:32 [main] INFO  epam.tasktwo.parser.impl.SentenceParser - Add word in lexeme
2019-03-07 22:11:32 [main] INFO  epam.tasktwo.parser.impl.SentenceParser - Add symbols in word.
2019-03-07 22:11:32 [main] INFO  epam.tasktwo.parser.impl.SentenceParser - Add symbol and word in lexeme
2019-03-07 22:11:32 [main] INFO  epam.tasktwo.parser.impl.SentenceParser - Add symbols in word.
2019-03-07 22:11:32 [main] INFO  epam.tasktwo.parser.impl.SentenceParser - Add word in lexeme
2019-03-07 22:11:32 [main] INFO  epam.tasktwo.parser.impl.SentenceParser - Expression transferred to number.
2019-03-07 22:11:32 [main] INFO  epam.tasktwo.parser.impl.SentenceParser - Add word in lexeme
2019-03-07 22:11:32 [main] INFO  epam.tasktwo.parser.impl.SentenceParser - Add symbols in word.
2019-03-07 22:11:32 [main] INFO  epam.tasktwo.parser.impl.SentenceParser - Add word in lexeme
2019-03-07 22:11:32 [main] INFO  epam.tasktwo.parser.impl.SentenceParser - Expression transferred to number.
2019-03-07 22:11:32 [main] INFO  epam.tasktwo.parser.impl.SentenceParser - Add word in lexeme
2019-03-07 22:11:32 [main] INFO  epam.tasktwo.parser.impl.SentenceParser - Add symbols in word.
2019-03-07 22:11:32 [main] INFO  epam.tasktwo.parser.impl.SentenceParser - Add word in lexeme
2019-03-07 22:11:32 [main] INFO  epam.tasktwo.parser.impl.SentenceParser - Add lexemes in sentence.
2019-03-07 22:11:32 [main] INFO  epam.tasktwo.parser.impl.SentenceParser - Add symbol in lexeme
2019-03-07 22:11:32 [main] INFO  epam.tasktwo.parser.impl.SentenceParser - Add lexemes in sentence.
2019-03-07 22:11:32 [main] INFO  epam.tasktwo.parser.impl.ParagraphParser - Add sentence in paragraph.
2019-03-07 22:11:32 [main] WARN  epam.tasktwo.parser.impl.SentenceParser - Unknown expression: !!!
2019-03-07 22:11:32 [main] INFO  epam.tasktwo.parser.impl.SentenceParser - Add symbols in word.
2019-03-07 22:11:32 [main] INFO  epam.tasktwo.parser.impl.SentenceParser - Add word in lexeme
2019-03-07 22:11:32 [main] INFO  epam.tasktwo.parser.impl.SentenceParser - Add symbols in word.
2019-03-07 22:11:32 [main] INFO  epam.tasktwo.parser.impl.SentenceParser - Add word in lexeme
2019-03-07 22:11:32 [main] INFO  epam.tasktwo.parser.impl.SentenceParser - Add symbols in word.
2019-03-07 22:11:32 [main] INFO  epam.tasktwo.parser.impl.SentenceParser - Add word in lexeme
2019-03-07 22:11:32 [main] INFO  epam.tasktwo.parser.impl.SentenceParser - Add symbols in word.
2019-03-07 22:11:32 [main] INFO  epam.tasktwo.parser.impl.SentenceParser - Add word in lexeme
2019-03-07 22:11:32 [main] INFO  epam.tasktwo.parser.impl.SentenceParser - Add symbols in word.
2019-03-07 22:11:32 [main] INFO  epam.tasktwo.parser.impl.SentenceParser - Add word in lexeme
2019-03-07 22:11:32 [main] INFO  epam.tasktwo.parser.impl.SentenceParser - Expression transferred to number.
2019-03-07 22:11:32 [main] INFO  epam.tasktwo.parser.impl.SentenceParser - Add word in lexeme
2019-03-07 22:11:32 [main] INFO  epam.tasktwo.parser.impl.SentenceParser - Add symbols in word.
2019-03-07 22:11:32 [main] INFO  epam.tasktwo.parser.impl.SentenceParser - Add word in lexeme
2019-03-07 22:11:32 [main] INFO  epam.tasktwo.parser.impl.SentenceParser - Add symbols in word.
2019-03-07 22:11:32 [main] INFO  epam.tasktwo.parser.impl.SentenceParser - Add word in lexeme
2019-03-07 22:11:32 [main] INFO  epam.tasktwo.parser.impl.SentenceParser - Add symbols in word.
2019-03-07 22:11:32 [main] INFO  epam.tasktwo.parser.impl.SentenceParser - Add word in lexeme
2019-03-07 22:11:32 [main] INFO  epam.tasktwo.parser.impl.SentenceParser - Add symbols in word.
2019-03-07 22:11:32 [main] INFO  epam.tasktwo.parser.impl.SentenceParser - Add word in lexeme
2019-03-07 22:11:32 [main] INFO  epam.tasktwo.parser.impl.SentenceParser - Add symbols in word.
2019-03-07 22:11:32 [main] INFO  epam.tasktwo.parser.impl.SentenceParser - Add word in lexeme
2019-03-07 22:11:32 [main] INFO  epam.tasktwo.parser.impl.SentenceParser - Add symbols in word.
2019-03-07 22:11:32 [main] INFO  epam.tasktwo.parser.impl.SentenceParser - Add word in lexeme
2019-03-07 22:11:32 [main] INFO  epam.tasktwo.parser.impl.SentenceParser - Add symbols in word.
2019-03-07 22:11:32 [main] INFO  epam.tasktwo.parser.impl.SentenceParser - Add word in lexeme
2019-03-07 22:11:32 [main] INFO  epam.tasktwo.parser.impl.SentenceParser - Add symbols in word.
2019-03-07 22:11:32 [main] INFO  epam.tasktwo.parser.impl.SentenceParser - Add word in lexeme
2019-03-07 22:11:32 [main] INFO  epam.tasktwo.parser.impl.SentenceParser - Add symbols in word.
2019-03-07 22:11:32 [main] INFO  epam.tasktwo.parser.impl.SentenceParser - Add word in lexeme
2019-03-07 22:11:32 [main] INFO  epam.tasktwo.parser.impl.SentenceParser - Add symbols in word.
2019-03-07 22:11:32 [main] INFO  epam.tasktwo.parser.impl.SentenceParser - Add symbol and word in lexeme
2019-03-07 22:11:32 [main] INFO  epam.tasktwo.parser.impl.SentenceParser - Add symbols in word.
2019-03-07 22:11:32 [main] INFO  epam.tasktwo.parser.impl.SentenceParser - Add word in lexeme
2019-03-07 22:11:32 [main] INFO  epam.tasktwo.parser.impl.SentenceParser - Add symbols in word.
2019-03-07 22:11:32 [main] INFO  epam.tasktwo.parser.impl.SentenceParser - Add word in lexeme
2019-03-07 22:11:32 [main] INFO  epam.tasktwo.parser.impl.SentenceParser - Add symbols in word.
2019-03-07 22:11:32 [main] INFO  epam.tasktwo.parser.impl.SentenceParser - Add word in lexeme
2019-03-07 22:11:32 [main] INFO  epam.tasktwo.parser.impl.SentenceParser - Add symbols in word.
2019-03-07 22:11:32 [main] INFO  epam.tasktwo.parser.impl.SentenceParser - Add word in lexeme
2019-03-07 22:11:32 [main] INFO  epam.tasktwo.parser.impl.SentenceParser - Add symbols in word.
2019-03-07 22:11:32 [main] INFO  epam.tasktwo.parser.impl.SentenceParser - Add word in lexeme
2019-03-07 22:11:32 [main] INFO  epam.tasktwo.parser.impl.SentenceParser - Add symbols in word.
2019-03-07 22:11:32 [main] INFO  epam.tasktwo.parser.impl.SentenceParser - Add word in lexeme
2019-03-07 22:11:32 [main] INFO  epam.tasktwo.parser.impl.SentenceParser - Add symbols in word.
2019-03-07 22:11:32 [main] INFO  epam.tasktwo.parser.impl.SentenceParser - Add word in lexeme
2019-03-07 22:11:32 [main] INFO  epam.tasktwo.parser.impl.SentenceParser - Add symbols in word.
2019-03-07 22:11:32 [main] INFO  epam.tasktwo.parser.impl.SentenceParser - Add word in lexeme
2019-03-07 22:11:32 [main] INFO  epam.tasktwo.parser.impl.SentenceParser - Add symbols in word.
2019-03-07 22:11:32 [main] INFO  epam.tasktwo.parser.impl.SentenceParser - Add word in lexeme
2019-03-07 22:11:32 [main] INFO  epam.tasktwo.parser.impl.SentenceParser - Add symbols in word.
2019-03-07 22:11:32 [main] INFO  epam.tasktwo.parser.impl.SentenceParser - Add word in lexeme
2019-03-07 22:11:32 [main] INFO  epam.tasktwo.parser.impl.SentenceParser - Add symbols in word.
2019-03-07 22:11:32 [main] INFO  epam.tasktwo.parser.impl.SentenceParser - Add word in lexeme
2019-03-07 22:11:32 [main] INFO  epam.tasktwo.parser.impl.SentenceParser - Add symbols in word.
2019-03-07 22:11:32 [main] INFO  epam.tasktwo.parser.impl.SentenceParser - Add word in lexeme
2019-03-07 22:11:32 [main] INFO  epam.tasktwo.parser.impl.SentenceParser - Add symbols in word.
2019-03-07 22:11:32 [main] INFO  epam.tasktwo.parser.impl.SentenceParser - Add word in lexeme
2019-03-07 22:11:32 [main] INFO  epam.tasktwo.parser.impl.SentenceParser - Add symbols in word.
2019-03-07 22:11:32 [main] INFO  epam.tasktwo.parser.impl.SentenceParser - Add word in lexeme
2019-03-07 22:11:32 [main] INFO  epam.tasktwo.parser.impl.SentenceParser - Add symbols in word.
2019-03-07 22:11:32 [main] INFO  epam.tasktwo.parser.impl.SentenceParser - Add word in lexeme
2019-03-07 22:11:32 [main] INFO  epam.tasktwo.parser.impl.SentenceParser - Add lexemes in sentence.
2019-03-07 22:11:32 [main] INFO  epam.tasktwo.parser.impl.SentenceParser - Add symbol in lexeme
2019-03-07 22:11:32 [main] INFO  epam.tasktwo.parser.impl.SentenceParser - Add lexemes in sentence.
2019-03-07 22:11:32 [main] INFO  epam.tasktwo.parser.impl.ParagraphParser - Add sentence in paragraph.
2019-03-07 22:11:32 [main] INFO  epam.tasktwo.parser.impl.TextParser - Add paragraph in text.
2019-03-07 22:11:32 [main] INFO  epam.tasktwo.parser.impl.SentenceParser - Add symbols in word.
2019-03-07 22:11:32 [main] INFO  epam.tasktwo.parser.impl.SentenceParser - Add word in lexeme
2019-03-07 22:11:32 [main] INFO  epam.tasktwo.parser.impl.SentenceParser - Add symbols in word.
2019-03-07 22:11:32 [main] INFO  epam.tasktwo.parser.impl.SentenceParser - Add word in lexeme
2019-03-07 22:11:32 [main] INFO  epam.tasktwo.parser.impl.SentenceParser - Add symbol in lexeme
2019-03-07 22:11:32 [main] INFO  epam.tasktwo.parser.impl.SentenceParser - Add symbols in word.
2019-03-07 22:11:32 [main] INFO  epam.tasktwo.parser.impl.SentenceParser - Add word in lexeme
2019-03-07 22:11:32 [main] INFO  epam.tasktwo.parser.impl.SentenceParser - Add symbols in word.
2019-03-07 22:11:32 [main] INFO  epam.tasktwo.parser.impl.SentenceParser - Add word in lexeme
2019-03-07 22:11:32 [main] INFO  epam.tasktwo.parser.impl.SentenceParser - Add symbols in word.
2019-03-07 22:11:32 [main] INFO  epam.tasktwo.parser.impl.SentenceParser - Add word in lexeme
2019-03-07 22:11:32 [main] INFO  epam.tasktwo.parser.impl.SentenceParser - Add symbols in word.
2019-03-07 22:11:32 [main] INFO  epam.tasktwo.parser.impl.SentenceParser - Add word in lexeme
2019-03-07 22:11:32 [main] INFO  epam.tasktwo.parser.impl.SentenceParser - Add symbol in lexeme
2019-03-07 22:11:32 [main] INFO  epam.tasktwo.parser.impl.SentenceParser - Add symbols in word.
2019-03-07 22:11:32 [main] INFO  epam.tasktwo.parser.impl.SentenceParser - Add word in lexeme
2019-03-07 22:11:32 [main] INFO  epam.tasktwo.parser.impl.SentenceParser - Add symbols in word.
2019-03-07 22:11:32 [main] INFO  epam.tasktwo.parser.impl.SentenceParser - Add word in lexeme
2019-03-07 22:11:32 [main] INFO  epam.tasktwo.parser.impl.SentenceParser - Add symbols in word.
2019-03-07 22:11:32 [main] INFO  epam.tasktwo.parser.impl.SentenceParser - Add word in lexeme
2019-03-07 22:11:32 [main] INFO  epam.tasktwo.parser.impl.SentenceParser - Add symbols in word.
2019-03-07 22:11:32 [main] INFO  epam.tasktwo.parser.impl.SentenceParser - Add word in lexeme
2019-03-07 22:11:32 [main] INFO  epam.tasktwo.parser.impl.SentenceParser - Add symbols in word.
2019-03-07 22:11:32 [main] INFO  epam.tasktwo.parser.impl.SentenceParser - Add word in lexeme
2019-03-07 22:11:32 [main] INFO  epam.tasktwo.parser.impl.SentenceParser - Add symbols in word.
2019-03-07 22:11:32 [main] INFO  epam.tasktwo.parser.impl.SentenceParser - Add word in lexeme
2019-03-07 22:11:32 [main] INFO  epam.tasktwo.parser.impl.SentenceParser - Add symbols in word.
2019-03-07 22:11:32 [main] INFO  epam.tasktwo.parser.impl.SentenceParser - Add word in lexeme
2019-03-07 22:11:32 [main] INFO  epam.tasktwo.parser.impl.SentenceParser - Add symbols in word.
2019-03-07 22:11:32 [main] INFO  epam.tasktwo.parser.impl.SentenceParser - Add word in lexeme
2019-03-07 22:11:32 [main] INFO  epam.tasktwo.parser.impl.SentenceParser - Add symbols in word.
2019-03-07 22:11:32 [main] INFO  epam.tasktwo.parser.impl.SentenceParser - Add word in lexeme
2019-03-07 22:11:32 [main] INFO  epam.tasktwo.parser.impl.SentenceParser - Add symbol in lexeme
2019-03-07 22:11:32 [main] INFO  epam.tasktwo.parser.impl.SentenceParser - Add symbols in word.
2019-03-07 22:11:32 [main] INFO  epam.tasktwo.parser.impl.SentenceParser - Add word in lexeme
2019-03-07 22:11:32 [main] INFO  epam.tasktwo.parser.impl.SentenceParser - Add symbols in word.
2019-03-07 22:11:32 [main] INFO  epam.tasktwo.parser.impl.SentenceParser - Add word in lexeme
2019-03-07 22:11:32 [main] INFO  epam.tasktwo.parser.impl.SentenceParser - Add symbols in word.
2019-03-07 22:11:32 [main] INFO  epam.tasktwo.parser.impl.SentenceParser - Add word in lexeme
2019-03-07 22:11:32 [main] INFO  epam.tasktwo.parser.impl.SentenceParser - Add symbols in word.
2019-03-07 22:11:32 [main] INFO  epam.tasktwo.parser.impl.SentenceParser - Add word in lexeme
2019-03-07 22:11:32 [main] INFO  epam.tasktwo.parser.impl.SentenceParser - Add symbols in word.
2019-03-07 22:11:32 [main] INFO  epam.tasktwo.parser.impl.SentenceParser - Add word in lexeme
2019-03-07 22:11:33 [main] INFO  epam.tasktwo.parser.impl.SentenceParser - Add symbols in word.
2019-03-07 22:11:33 [main] INFO  epam.tasktwo.parser.impl.SentenceParser - Add word in lexeme
2019-03-07 22:11:33 [main] INFO  epam.tasktwo.parser.impl.SentenceParser - Add lexemes in sentence.
2019-03-07 22:11:33 [main] INFO  epam.tasktwo.parser.impl.SentenceParser - Add symbol in lexeme
2019-03-07 22:11:33 [main] INFO  epam.tasktwo.parser.impl.SentenceParser - Add lexemes in sentence.
2019-03-07 22:11:33 [main] INFO  epam.tasktwo.parser.impl.ParagraphParser - Add sentence in paragraph.
2019-03-07 22:11:33 [main] WARN  epam.tasktwo.parser.impl.SentenceParser - Unknown expression: !!!
2019-03-07 22:11:33 [main] INFO  epam.tasktwo.parser.impl.SentenceParser - Add symbols in word.
2019-03-07 22:11:33 [main] INFO  epam.tasktwo.parser.impl.SentenceParser - Add word in lexeme
2019-03-07 22:11:33 [main] INFO  epam.tasktwo.parser.impl.SentenceParser - Add symbols in word.
2019-03-07 22:11:33 [main] INFO  epam.tasktwo.parser.impl.SentenceParser - Add word in lexeme
2019-03-07 22:11:33 [main] INFO  epam.tasktwo.parser.impl.SentenceParser - Add symbols in word.
2019-03-07 22:11:33 [main] INFO  epam.tasktwo.parser.impl.SentenceParser - Add word in lexeme
2019-03-07 22:11:33 [main] INFO  epam.tasktwo.parser.impl.SentenceParser - Add symbols in word.
2019-03-07 22:11:33 [main] INFO  epam.tasktwo.parser.impl.SentenceParser - Add word in lexeme
2019-03-07 22:11:33 [main] INFO  epam.tasktwo.parser.impl.SentenceParser - Expression transferred to number.
2019-03-07 22:11:33 [main] INFO  epam.tasktwo.parser.impl.SentenceParser - Add word in lexeme
2019-03-07 22:11:33 [main] INFO  epam.tasktwo.parser.impl.SentenceParser - Add symbols in word.
2019-03-07 22:11:33 [main] INFO  epam.tasktwo.parser.impl.SentenceParser - Add word in lexeme
2019-03-07 22:11:33 [main] INFO  epam.tasktwo.parser.impl.SentenceParser - Add symbols in word.
2019-03-07 22:11:33 [main] INFO  epam.tasktwo.parser.impl.SentenceParser - Add word in lexeme
2019-03-07 22:11:33 [main] INFO  epam.tasktwo.parser.impl.SentenceParser - Add symbols in word.
2019-03-07 22:11:33 [main] INFO  epam.tasktwo.parser.impl.SentenceParser - Add word in lexeme
2019-03-07 22:11:33 [main] INFO  epam.tasktwo.parser.impl.SentenceParser - Add symbols in word.
2019-03-07 22:11:33 [main] INFO  epam.tasktwo.parser.impl.SentenceParser - Add word in lexeme
2019-03-07 22:11:33 [main] INFO  epam.tasktwo.parser.impl.SentenceParser - Add symbols in word.
2019-03-07 22:11:33 [main] INFO  epam.tasktwo.parser.impl.SentenceParser - Add word in lexeme
2019-03-07 22:11:33 [main] INFO  epam.tasktwo.parser.impl.SentenceParser - Add symbol in lexeme
2019-03-07 22:11:33 [main] INFO  epam.tasktwo.parser.impl.SentenceParser - Add symbols in word.
2019-03-07 22:11:33 [main] INFO  epam.tasktwo.parser.impl.SentenceParser - Add word in lexeme
2019-03-07 22:11:33 [main] INFO  epam.tasktwo.parser.impl.SentenceParser - Add symbols in word.
2019-03-07 22:11:33 [main] INFO  epam.tasktwo.parser.impl.SentenceParser - Add word in lexeme
2019-03-07 22:11:33 [main] INFO  epam.tasktwo.parser.impl.SentenceParser - Add symbols in word.
2019-03-07 22:11:33 [main] INFO  epam.tasktwo.parser.impl.SentenceParser - Add word in lexeme
2019-03-07 22:11:33 [main] INFO  epam.tasktwo.parser.impl.SentenceParser - Add symbols in word.
2019-03-07 22:11:33 [main] INFO  epam.tasktwo.parser.impl.SentenceParser - Add word in lexeme
2019-03-07 22:11:33 [main] INFO  epam.tasktwo.parser.impl.SentenceParser - Add symbols in word.
2019-03-07 22:11:33 [main] INFO  epam.tasktwo.parser.impl.SentenceParser - Add word in lexeme
2019-03-07 22:11:33 [main] INFO  epam.tasktwo.parser.impl.SentenceParser - Add symbols in word.
2019-03-07 22:11:33 [main] INFO  epam.tasktwo.parser.impl.SentenceParser - Add word in lexeme
2019-03-07 22:11:33 [main] INFO  epam.tasktwo.parser.impl.SentenceParser - Add symbols in word.
2019-03-07 22:11:33 [main] INFO  epam.tasktwo.parser.impl.SentenceParser - Add symbol and word in lexeme
2019-03-07 22:11:33 [main] INFO  epam.tasktwo.parser.impl.SentenceParser - Add symbols in word.
2019-03-07 22:11:33 [main] INFO  epam.tasktwo.parser.impl.SentenceParser - Add word in lexeme
2019-03-07 22:11:33 [main] INFO  epam.tasktwo.parser.impl.SentenceParser - Add symbols in word.
2019-03-07 22:11:33 [main] INFO  epam.tasktwo.parser.impl.SentenceParser - Add word in lexeme
2019-03-07 22:11:33 [main] INFO  epam.tasktwo.parser.impl.SentenceParser - Add symbols in word.
2019-03-07 22:11:33 [main] INFO  epam.tasktwo.parser.impl.SentenceParser - Add word in lexeme
2019-03-07 22:11:33 [main] INFO  epam.tasktwo.parser.impl.SentenceParser - Add symbols in word.
2019-03-07 22:11:33 [main] INFO  epam.tasktwo.parser.impl.SentenceParser - Add word in lexeme
2019-03-07 22:11:33 [main] INFO  epam.tasktwo.parser.impl.SentenceParser - Add symbols in word.
2019-03-07 22:11:33 [main] INFO  epam.tasktwo.parser.impl.SentenceParser - Add symbol and word in lexeme
2019-03-07 22:11:33 [main] INFO  epam.tasktwo.parser.impl.SentenceParser - Add symbols in word.
2019-03-07 22:11:33 [main] INFO  epam.tasktwo.parser.impl.SentenceParser - Add symbol and word in lexeme
2019-03-07 22:11:33 [main] INFO  epam.tasktwo.parser.impl.SentenceParser - Add symbols in word.
2019-03-07 22:11:33 [main] INFO  epam.tasktwo.parser.impl.SentenceParser - Add word in lexeme
2019-03-07 22:11:33 [main] INFO  epam.tasktwo.parser.impl.SentenceParser - Add symbols in word.
2019-03-07 22:11:33 [main] INFO  epam.tasktwo.parser.impl.SentenceParser - Add symbol and word in lexeme
2019-03-07 22:11:33 [main] INFO  epam.tasktwo.parser.impl.SentenceParser - Add symbols in word.
2019-03-07 22:11:33 [main] INFO  epam.tasktwo.parser.impl.SentenceParser - Add word in lexeme
2019-03-07 22:11:33 [main] INFO  epam.tasktwo.parser.impl.SentenceParser - Add symbols in word.
2019-03-07 22:11:33 [main] INFO  epam.tasktwo.parser.impl.SentenceParser - Add word in lexeme
2019-03-07 22:11:33 [main] INFO  epam.tasktwo.parser.impl.SentenceParser - Add symbols in word.
2019-03-07 22:11:33 [main] INFO  epam.tasktwo.parser.impl.SentenceParser - Add word in lexeme
2019-03-07 22:11:33 [main] INFO  epam.tasktwo.parser.impl.SentenceParser - Add symbols in word.
2019-03-07 22:11:33 [main] INFO  epam.tasktwo.parser.impl.SentenceParser - Add word in lexeme
2019-03-07 22:11:33 [main] INFO  epam.tasktwo.parser.impl.SentenceParser - Add symbols in word.
2019-03-07 22:11:33 [main] INFO  epam.tasktwo.parser.impl.SentenceParser - Add word in lexeme
2019-03-07 22:11:33 [main] INFO  epam.tasktwo.parser.impl.SentenceParser - Add symbols in word.
2019-03-07 22:11:33 [main] INFO  epam.tasktwo.parser.impl.SentenceParser - Add word in lexeme
2019-03-07 22:11:33 [main] INFO  epam.tasktwo.parser.impl.SentenceParser - Add lexemes in sentence.
2019-03-07 22:11:33 [main] INFO  epam.tasktwo.parser.impl.SentenceParser - Add symbol in lexeme
2019-03-07 22:11:33 [main] INFO  epam.tasktwo.parser.impl.SentenceParser - Add lexemes in sentence.
2019-03-07 22:11:33 [main] INFO  epam.tasktwo.parser.impl.ParagraphParser - Add sentence in paragraph.
2019-03-07 22:11:33 [main] INFO  epam.tasktwo.parser.impl.TextParser - Add paragraph in text.
2019-03-07 22:11:33 [main] INFO  epam.tasktwo.parser.impl.SentenceParser - Add symbols in word.
2019-03-07 22:11:33 [main] INFO  epam.tasktwo.parser.impl.SentenceParser - Add word in lexeme
2019-03-07 22:11:33 [main] INFO  epam.tasktwo.parser.impl.SentenceParser - Add symbols in word.
2019-03-07 22:11:33 [main] INFO  epam.tasktwo.parser.impl.SentenceParser - Add word in lexeme
2019-03-07 22:11:33 [main] INFO  epam.tasktwo.parser.impl.SentenceParser - Add symbol in lexeme
2019-03-07 22:11:33 [main] INFO  epam.tasktwo.parser.impl.SentenceParser - Expression transferred to number.
2019-03-07 22:11:33 [main] INFO  epam.tasktwo.parser.impl.SentenceParser - Add word in lexeme
2019-03-07 22:11:33 [main] INFO  epam.tasktwo.parser.impl.SentenceParser - Add symbols in word.
2019-03-07 22:11:33 [main] INFO  epam.tasktwo.parser.impl.SentenceParser - Add word in lexeme
2019-03-07 22:11:33 [main] INFO  epam.tasktwo.parser.impl.SentenceParser - Add symbols in word.
2019-03-07 22:11:33 [main] INFO  epam.tasktwo.parser.impl.SentenceParser - Add word in lexeme
2019-03-07 22:11:33 [main] INFO  epam.tasktwo.parser.impl.SentenceParser - Add symbols in word.
2019-03-07 22:11:33 [main] INFO  epam.tasktwo.parser.impl.SentenceParser - Add word in lexeme
2019-03-07 22:11:33 [main] INFO  epam.tasktwo.parser.impl.SentenceParser - Add symbol in lexeme
2019-03-07 22:11:33 [main] INFO  epam.tasktwo.parser.impl.SentenceParser - Add symbols in word.
2019-03-07 22:11:33 [main] INFO  epam.tasktwo.parser.impl.SentenceParser - Add word in lexeme
2019-03-07 22:11:33 [main] INFO  epam.tasktwo.parser.impl.SentenceParser - Add symbols in word.
2019-03-07 22:11:33 [main] INFO  epam.tasktwo.parser.impl.SentenceParser - Add word in lexeme
2019-03-07 22:11:33 [main] INFO  epam.tasktwo.parser.impl.SentenceParser - Add symbols in word.
2019-03-07 22:11:33 [main] INFO  epam.tasktwo.parser.impl.SentenceParser - Add word in lexeme
2019-03-07 22:11:33 [main] INFO  epam.tasktwo.parser.impl.SentenceParser - Add symbols in word.
2019-03-07 22:11:33 [main] INFO  epam.tasktwo.parser.impl.SentenceParser - Add word in lexeme
2019-03-07 22:11:33 [main] INFO  epam.tasktwo.parser.impl.SentenceParser - Add symbol in lexeme
2019-03-07 22:11:33 [main] INFO  epam.tasktwo.parser.impl.SentenceParser - Add symbols in word.
2019-03-07 22:11:33 [main] INFO  epam.tasktwo.parser.impl.SentenceParser - Add word in lexeme
2019-03-07 22:11:33 [main] INFO  epam.tasktwo.parser.impl.SentenceParser - Add symbols in word.
2019-03-07 22:11:33 [main] INFO  epam.tasktwo.parser.impl.SentenceParser - Add word in lexeme
2019-03-07 22:11:33 [main] INFO  epam.tasktwo.parser.impl.SentenceParser - Add symbols in word.
2019-03-07 22:11:33 [main] INFO  epam.tasktwo.parser.impl.SentenceParser - Add word in lexeme
2019-03-07 22:11:33 [main] INFO  epam.tasktwo.parser.impl.SentenceParser - Add symbols in word.
2019-03-07 22:11:33 [main] INFO  epam.tasktwo.parser.impl.SentenceParser - Add word in lexeme
2019-03-07 22:11:33 [main] INFO  epam.tasktwo.parser.impl.SentenceParser - Add symbols in word.
2019-03-07 22:11:33 [main] INFO  epam.tasktwo.parser.impl.SentenceParser - Add word in lexeme
2019-03-07 22:11:33 [main] INFO  epam.tasktwo.parser.impl.SentenceParser - Add symbols in word.
2019-03-07 22:11:33 [main] INFO  epam.tasktwo.parser.impl.SentenceParser - Add word in lexeme
2019-03-07 22:11:33 [main] INFO  epam.tasktwo.parser.impl.SentenceParser - Add lexemes in sentence.
2019-03-07 22:11:33 [main] INFO  epam.tasktwo.parser.impl.SentenceParser - Add symbol in lexeme
2019-03-07 22:11:33 [main] INFO  epam.tasktwo.parser.impl.SentenceParser - Add lexemes in sentence.
2019-03-07 22:11:33 [main] INFO  epam.tasktwo.parser.impl.ParagraphParser - Add sentence in paragraph.
2019-03-07 22:11:33 [main] INFO  epam.tasktwo.parser.impl.TextParser - Add paragraph in text.
2019-03-07 22:11:33 [main] INFO  epam.tasktwo.parser.impl.SentenceParser - Add symbols in word.
2019-03-07 22:11:33 [main] INFO  epam.tasktwo.parser.impl.SentenceParser - Add word in lexeme
2019-03-07 22:11:33 [main] INFO  epam.tasktwo.parser.impl.SentenceParser - Add lexemes in sentence.
2019-03-07 22:11:33 [main] INFO  epam.tasktwo.parser.impl.SentenceParser - Add symbol in lexeme
2019-03-07 22:11:33 [main] INFO  epam.tasktwo.parser.impl.SentenceParser - Add lexemes in sentence.
2019-03-07 22:11:33 [main] INFO  epam.tasktwo.parser.impl.ParagraphParser - Add sentence in paragraph.
2019-03-07 22:11:33 [main] INFO  epam.tasktwo.parser.impl.TextParser - Add paragraph in text.
2019-03-07 22:11:33 [main] INFO  epam.tasktwo.parser.impl.SentenceParser - Took the next parser - SymbolParser.
2019-03-07 22:11:33 [main] INFO  epam.tasktwo.parser.impl.SentenceParser - Add symbols in word.
2019-03-07 22:25:44 [main] INFO  epam.tasktwo.parser.impl.SentenceParser - Took the next parser - SymbolParser.
2019-03-07 22:25:44 [main] INFO  epam.tasktwo.parser.impl.SentenceParser - Took the next parser - WordParser.
2019-03-07 22:25:44 [main] INFO  epam.tasktwo.parser.impl.SentenceParser - Took the next parser - ExpressionParser.
2019-03-07 22:25:44 [main] INFO  epam.tasktwo.parser.impl.SentenceParser - Took the next parser - SymbolParser.
2019-03-07 22:25:44 [main] INFO  epam.tasktwo.parser.impl.SentenceParser - Add symbol in lexeme
2019-03-07 22:25:44 [main] INFO  epam.tasktwo.parser.impl.SentenceParser - Add symbols in word.
2019-03-07 22:25:44 [main] INFO  epam.tasktwo.parser.impl.SentenceParser - Add word in lexeme
2019-03-07 22:25:44 [main] INFO  epam.tasktwo.parser.impl.SentenceParser - Add symbols in word.
2019-03-07 22:25:44 [main] INFO  epam.tasktwo.parser.impl.SentenceParser - Add symbol and word in lexeme
2019-03-07 22:25:44 [main] INFO  epam.tasktwo.parser.impl.SentenceParser - Add symbols in word.
2019-03-07 22:25:44 [main] INFO  epam.tasktwo.parser.impl.SentenceParser - Add symbol and word in lexeme
2019-03-07 22:25:44 [main] INFO  epam.tasktwo.parser.impl.SentenceParser - Add symbols in word.
2019-03-07 22:25:44 [main] INFO  epam.tasktwo.parser.impl.SentenceParser - Add symbol and word in lexeme
2019-03-07 22:25:44 [main] INFO  epam.tasktwo.parser.impl.SentenceParser - Add symbols in word.
2019-03-07 22:25:44 [main] INFO  epam.tasktwo.parser.impl.SentenceParser - Add symbol, word, symbol in lexeme
2019-03-07 22:25:44 [main] INFO  epam.tasktwo.parser.impl.SentenceParser - Add symbols in word.
2019-03-07 22:25:44 [main] INFO  epam.tasktwo.parser.impl.SentenceParser - Add word in lexeme
2019-03-07 22:26:07 [main] INFO  epam.tasktwo.parser.impl.SentenceParser - Took the next parser - SymbolParser.
2019-03-07 22:26:07 [main] INFO  epam.tasktwo.parser.impl.SentenceParser - Took the next parser - WordParser.
2019-03-07 22:26:07 [main] INFO  epam.tasktwo.parser.impl.SentenceParser - Took the next parser - ExpressionParser.
2019-03-07 22:26:07 [main] INFO  epam.tasktwo.parser.impl.SentenceParser - Took the next parser - SymbolParser.
2019-03-07 22:26:07 [main] INFO  epam.tasktwo.parser.impl.SentenceParser - Add symbol in lexeme
2019-03-07 22:26:07 [main] INFO  epam.tasktwo.parser.impl.SentenceParser - Add symbols in word.
2019-03-07 22:26:07 [main] INFO  epam.tasktwo.parser.impl.SentenceParser - Add word in lexeme
