2019-03-07 11:43:28 [main] INFO  epam.tasktwo.parser.impl.SentenceParser - Add lexeme in sentence.
2019-03-07 11:43:28 [main] INFO  epam.tasktwo.parser.impl.SymbolParser - Add add symbol in text.
2019-03-07 11:43:28 [main] INFO  epam.tasktwo.parser.impl.SentenceParser - Add symbol in lexeme
2019-03-07 11:43:28 [main] INFO  epam.tasktwo.parser.impl.SentenceParser - Add lexeme in sentence.
2019-03-07 11:43:28 [main] INFO  epam.tasktwo.parser.impl.ParagraphParser - Add sentence in paragraph.
2019-03-07 11:43:28 [main] INFO  epam.tasktwo.parser.impl.TextParser - Add paragraph in text.
2019-03-07 11:43:28 [main] INFO  epam.tasktwo.parser.impl.SymbolParser - Add add symbol in text.
2019-03-07 11:43:28 [main] INFO  epam.tasktwo.parser.impl.SentenceParser - Add symbol in word.
2019-03-07 11:43:28 [main] INFO  epam.tasktwo.parser.impl.SymbolParser - Add add symbol in text.
2019-03-07 11:43:28 [main] INFO  epam.tasktwo.parser.impl.SentenceParser - Add symbol in word.
2019-03-07 11:43:28 [main] INFO  epam.tasktwo.parser.impl.SentenceParser - Add word in lexeme
2019-03-07 11:43:28 [main] INFO  epam.tasktwo.parser.impl.SentenceParser - Add lexeme in sentence.
2019-03-07 11:43:28 [main] INFO  epam.tasktwo.parser.impl.SymbolParser - Add add symbol in text.
2019-03-07 11:43:28 [main] INFO  epam.tasktwo.parser.impl.SentenceParser - Add symbol in word.
2019-03-07 11:43:28 [main] INFO  epam.tasktwo.parser.impl.SymbolParser - Add add symbol in text.
2019-03-07 11:43:28 [main] INFO  epam.tasktwo.parser.impl.SentenceParser - Add symbol in word.
2019-03-07 11:43:28 [main] INFO  epam.tasktwo.parser.impl.SymbolParser - Add add symbol in text.
2019-03-07 11:43:28 [main] INFO  epam.tasktwo.parser.impl.SentenceParser - Add symbol in word.
2019-03-07 11:43:28 [main] INFO  epam.tasktwo.parser.impl.SymbolParser - Add add symbol in text.
2019-03-07 11:43:28 [main] INFO  epam.tasktwo.parser.impl.SentenceParser - Add symbol in word.
2019-03-07 11:43:28 [main] INFO  epam.tasktwo.parser.impl.SentenceParser - Add word in lexeme
2019-03-07 11:43:28 [main] INFO  epam.tasktwo.parser.impl.SentenceParser - Add lexeme in sentence.
2019-03-07 11:43:28 [main] INFO  epam.tasktwo.parser.impl.SymbolParser - Add add symbol in text.
2019-03-07 11:43:28 [main] INFO  epam.tasktwo.parser.impl.SentenceParser - Add symbol in word.
2019-03-07 11:43:28 [main] INFO  epam.tasktwo.parser.impl.SymbolParser - Add add symbol in text.
2019-03-07 11:43:28 [main] INFO  epam.tasktwo.parser.impl.SentenceParser - Add symbol in word.
2019-03-07 11:43:28 [main] INFO  epam.tasktwo.parser.impl.SentenceParser - Add word in lexeme
2019-03-07 11:43:28 [main] INFO  epam.tasktwo.parser.impl.SentenceParser - Add lexeme in sentence.
2019-03-07 11:43:28 [main] INFO  epam.tasktwo.parser.impl.SymbolParser - Add add symbol in text.
2019-03-07 11:43:28 [main] INFO  epam.tasktwo.parser.impl.SentenceParser - Add symbol in word.
2019-03-07 11:43:28 [main] INFO  epam.tasktwo.parser.impl.SymbolParser - Add add symbol in text.
2019-03-07 11:43:28 [main] INFO  epam.tasktwo.parser.impl.SentenceParser - Add symbol in word.
2019-03-07 11:43:28 [main] INFO  epam.tasktwo.parser.impl.SymbolParser - Add add symbol in text.
2019-03-07 11:43:28 [main] INFO  epam.tasktwo.parser.impl.SentenceParser - Add symbol in word.
2019-03-07 11:43:28 [main] INFO  epam.tasktwo.parser.impl.SymbolParser - Add add symbol in text.
2019-03-07 11:43:28 [main] INFO  epam.tasktwo.parser.impl.SentenceParser - Add symbol in word.
2019-03-07 11:43:28 [main] INFO  epam.tasktwo.parser.impl.SentenceParser - Add word in lexeme
2019-03-07 11:43:28 [main] INFO  epam.tasktwo.parser.impl.SentenceParser - Add lexeme in sentence.
2019-03-07 11:43:28 [main] INFO  epam.tasktwo.parser.impl.SymbolParser - Add add symbol in text.
2019-03-07 11:43:28 [main] INFO  epam.tasktwo.parser.impl.SentenceParser - Add symbol in lexeme
2019-03-07 11:43:28 [main] INFO  epam.tasktwo.parser.impl.SentenceParser - Add lexeme in sentence.
2019-03-07 11:43:28 [main] INFO  epam.tasktwo.parser.impl.ParagraphParser - Add sentence in paragraph.
2019-03-07 11:43:28 [main] INFO  epam.tasktwo.parser.impl.TextParser - Add paragraph in text.
2019-03-07 11:44:16 [main] INFO  epam.tasktwo.parser.impl.SentenceParser - Took the next parser - SymbolParser.
2019-03-07 11:44:16 [main] INFO  epam.tasktwo.parser.impl.SentenceParser - Took the next parser - WordParser.
2019-03-07 11:44:16 [main] INFO  epam.tasktwo.parser.impl.SentenceParser - Took the next parser - ExpressionParser.
2019-03-07 11:44:16 [main] INFO  epam.tasktwo.parser.impl.SentenceParser - Took the next parser - SymbolParser.
2019-03-07 11:44:16 [main] INFO  epam.tasktwo.parser.impl.SentenceParser - Took the next parser - LexemeParser.
2019-03-07 11:44:16 [main] INFO  epam.tasktwo.parser.impl.ParagraphParser - Took the next parser - SentenceParser.
2019-03-07 11:44:16 [main] INFO  epam.tasktwo.parser.impl.TextParser - Took the next parser - ParagraphParser.
2019-03-07 11:44:16 [main] WARN  epam.tasktwo.parser.impl.SentenceParser - Unknown expression: !!!
2019-03-07 11:44:16 [main] INFO  epam.tasktwo.parser.impl.SentenceParser - Add lexeme in sentence.
2019-03-07 11:44:16 [main] INFO  epam.tasktwo.parser.impl.SymbolParser - Add add symbol in text.
2019-03-07 11:44:16 [main] INFO  epam.tasktwo.parser.impl.SentenceParser - Add symbol in lexeme
2019-03-07 11:44:16 [main] INFO  epam.tasktwo.parser.impl.SentenceParser - Add lexeme in sentence.
2019-03-07 11:44:16 [main] INFO  epam.tasktwo.parser.impl.ParagraphParser - Add sentence in paragraph.
2019-03-07 11:44:16 [main] INFO  epam.tasktwo.parser.impl.TextParser - Add paragraph in text.
2019-03-07 11:44:16 [main] INFO  epam.tasktwo.parser.impl.SymbolParser - Add add symbol in text.
2019-03-07 11:44:16 [main] INFO  epam.tasktwo.parser.impl.SentenceParser - Add symbol in word.
2019-03-07 11:44:16 [main] INFO  epam.tasktwo.parser.impl.SymbolParser - Add add symbol in text.
2019-03-07 11:44:16 [main] INFO  epam.tasktwo.parser.impl.SentenceParser - Add symbol in word.
2019-03-07 11:44:16 [main] INFO  epam.tasktwo.parser.impl.SentenceParser - Add word in lexeme
2019-03-07 11:44:16 [main] INFO  epam.tasktwo.parser.impl.SentenceParser - Add lexeme in sentence.
2019-03-07 11:44:16 [main] INFO  epam.tasktwo.parser.impl.SymbolParser - Add add symbol in text.
2019-03-07 11:44:16 [main] INFO  epam.tasktwo.parser.impl.SentenceParser - Add symbol in word.
2019-03-07 11:44:16 [main] INFO  epam.tasktwo.parser.impl.SymbolParser - Add add symbol in text.
2019-03-07 11:44:16 [main] INFO  epam.tasktwo.parser.impl.SentenceParser - Add symbol in word.
2019-03-07 11:44:16 [main] INFO  epam.tasktwo.parser.impl.SymbolParser - Add add symbol in text.
2019-03-07 11:44:16 [main] INFO  epam.tasktwo.parser.impl.SentenceParser - Add symbol in word.
2019-03-07 11:44:16 [main] INFO  epam.tasktwo.parser.impl.SentenceParser - Add word in lexeme
2019-03-07 11:44:16 [main] INFO  epam.tasktwo.parser.impl.SentenceParser - Add lexeme in sentence.
2019-03-07 11:44:16 [main] INFO  epam.tasktwo.parser.impl.SymbolParser - Add add symbol in text.
2019-03-07 11:44:16 [main] INFO  epam.tasktwo.parser.impl.SentenceParser - Add symbol in word.
2019-03-07 11:44:16 [main] INFO  epam.tasktwo.parser.impl.SymbolParser - Add add symbol in text.
2019-03-07 11:44:16 [main] INFO  epam.tasktwo.parser.impl.SentenceParser - Add symbol in word.
2019-03-07 11:44:16 [main] INFO  epam.tasktwo.parser.impl.SymbolParser - Add add symbol in text.
2019-03-07 11:44:16 [main] INFO  epam.tasktwo.parser.impl.SentenceParser - Add symbol in word.
2019-03-07 11:44:16 [main] INFO  epam.tasktwo.parser.impl.SymbolParser - Add add symbol in text.
2019-03-07 11:44:16 [main] INFO  epam.tasktwo.parser.impl.SentenceParser - Add symbol in word.
2019-03-07 11:44:16 [main] INFO  epam.tasktwo.parser.impl.SymbolParser - Add add symbol in text.
2019-03-07 11:44:16 [main] INFO  epam.tasktwo.parser.impl.SentenceParser - Add symbol in word.
2019-03-07 11:44:16 [main] INFO  epam.tasktwo.parser.impl.SymbolParser - Add add symbol in text.
2019-03-07 11:44:16 [main] INFO  epam.tasktwo.parser.impl.SentenceParser - Add symbol in word.
2019-03-07 11:44:16 [main] INFO  epam.tasktwo.parser.impl.SymbolParser - Add add symbol in text.
2019-03-07 11:44:16 [main] INFO  epam.tasktwo.parser.impl.SentenceParser - Add symbol in word.
2019-03-07 11:44:16 [main] INFO  epam.tasktwo.parser.impl.SymbolParser - Add add symbol in text.
2019-03-07 11:44:16 [main] INFO  epam.tasktwo.parser.impl.SentenceParser - Add symbol in word.
2019-03-07 11:44:16 [main] INFO  epam.tasktwo.parser.impl.SentenceParser - Add word in lexeme
2019-03-07 11:44:16 [main] INFO  epam.tasktwo.parser.impl.SentenceParser - Add lexeme in sentence.
2019-03-07 11:44:16 [main] INFO  epam.tasktwo.parser.impl.SymbolParser - Add add symbol in text.
2019-03-07 11:44:16 [main] INFO  epam.tasktwo.parser.impl.SentenceParser - Add symbol in lexeme
2019-03-07 11:44:16 [main] INFO  epam.tasktwo.parser.impl.SentenceParser - Add lexeme in sentence.
2019-03-07 11:44:16 [main] INFO  epam.tasktwo.parser.impl.ParagraphParser - Add sentence in paragraph.
2019-03-07 11:44:16 [main] WARN  epam.tasktwo.parser.impl.SentenceParser - Unknown expression: !!!
2019-03-07 11:44:16 [main] INFO  epam.tasktwo.parser.impl.SentenceParser - Add lexeme in sentence.
2019-03-07 11:44:16 [main] INFO  epam.tasktwo.parser.impl.SymbolParser - Add add symbol in text.
2019-03-07 11:44:16 [main] INFO  epam.tasktwo.parser.impl.SentenceParser - Add symbol in lexeme
2019-03-07 11:44:16 [main] INFO  epam.tasktwo.parser.impl.SentenceParser - Add lexeme in sentence.
2019-03-07 11:44:16 [main] INFO  epam.tasktwo.parser.impl.SymbolParser - Add add symbol in text.
2019-03-07 11:44:16 [main] INFO  epam.tasktwo.parser.impl.SentenceParser - Add symbol in word.
2019-03-07 11:44:16 [main] INFO  epam.tasktwo.parser.impl.SymbolParser - Add add symbol in text.
2019-03-07 11:44:16 [main] INFO  epam.tasktwo.parser.impl.SentenceParser - Add symbol in word.
2019-03-07 11:44:16 [main] INFO  epam.tasktwo.parser.impl.SymbolParser - Add add symbol in text.
2019-03-07 11:44:16 [main] INFO  epam.tasktwo.parser.impl.SentenceParser - Add symbol in word.
2019-03-07 11:44:16 [main] INFO  epam.tasktwo.parser.impl.SymbolParser - Add add symbol in text.
2019-03-07 11:44:16 [main] INFO  epam.tasktwo.parser.impl.SentenceParser - Add symbol in word.
2019-03-07 11:44:16 [main] INFO  epam.tasktwo.parser.impl.SentenceParser - Add word in lexeme
2019-03-07 11:44:16 [main] INFO  epam.tasktwo.parser.impl.SentenceParser - Add lexeme in sentence.
2019-03-07 11:44:16 [main] INFO  epam.tasktwo.parser.impl.SymbolParser - Add add symbol in text.
2019-03-07 11:44:16 [main] INFO  epam.tasktwo.parser.impl.SentenceParser - Add symbol in word.
2019-03-07 11:44:16 [main] INFO  epam.tasktwo.parser.impl.SymbolParser - Add add symbol in text.
2019-03-07 11:44:16 [main] INFO  epam.tasktwo.parser.impl.SentenceParser - Add symbol in word.
2019-03-07 11:44:16 [main] INFO  epam.tasktwo.parser.impl.SentenceParser - Add word in lexeme
2019-03-07 11:44:16 [main] INFO  epam.tasktwo.parser.impl.SentenceParser - Add lexeme in sentence.
2019-03-07 11:44:16 [main] INFO  epam.tasktwo.parser.impl.SymbolParser - Add add symbol in text.
2019-03-07 11:44:16 [main] INFO  epam.tasktwo.parser.impl.SentenceParser - Add symbol in lexeme
2019-03-07 11:44:16 [main] INFO  epam.tasktwo.parser.impl.SentenceParser - Add lexeme in sentence.
2019-03-07 11:44:16 [main] INFO  epam.tasktwo.parser.impl.ParagraphParser - Add sentence in paragraph.
2019-03-07 11:44:16 [main] INFO  epam.tasktwo.parser.impl.TextParser - Add paragraph in text.
2019-03-07 11:44:16 [main] INFO  epam.tasktwo.parser.impl.SymbolParser - Add add symbol in text.
2019-03-07 11:44:16 [main] INFO  epam.tasktwo.parser.impl.SentenceParser - Add symbol in word.
2019-03-07 11:44:16 [main] INFO  epam.tasktwo.parser.impl.SymbolParser - Add add symbol in text.
2019-03-07 11:44:16 [main] INFO  epam.tasktwo.parser.impl.SentenceParser - Add symbol in word.
2019-03-07 11:44:16 [main] INFO  epam.tasktwo.parser.impl.SentenceParser - Add word in lexeme
2019-03-07 11:44:16 [main] INFO  epam.tasktwo.parser.impl.SentenceParser - Add lexeme in sentence.
2019-03-07 11:44:16 [main] INFO  epam.tasktwo.parser.impl.SymbolParser - Add add symbol in text.
2019-03-07 11:44:16 [main] INFO  epam.tasktwo.parser.impl.SentenceParser - Add symbol in word.
2019-03-07 11:44:16 [main] INFO  epam.tasktwo.parser.impl.SymbolParser - Add add symbol in text.
2019-03-07 11:44:16 [main] INFO  epam.tasktwo.parser.impl.SentenceParser - Add symbol in word.
2019-03-07 11:44:16 [main] INFO  epam.tasktwo.parser.impl.SymbolParser - Add add symbol in text.
2019-03-07 11:44:16 [main] INFO  epam.tasktwo.parser.impl.SentenceParser - Add symbol in word.
2019-03-07 11:44:16 [main] INFO  epam.tasktwo.parser.impl.SymbolParser - Add add symbol in text.
2019-03-07 11:44:16 [main] INFO  epam.tasktwo.parser.impl.SentenceParser - Add symbol in word.
2019-03-07 11:44:16 [main] INFO  epam.tasktwo.parser.impl.SentenceParser - Add word in lexeme
2019-03-07 11:44:16 [main] INFO  epam.tasktwo.parser.impl.SentenceParser - Add lexeme in sentence.
2019-03-07 11:44:17 [main] INFO  epam.tasktwo.parser.impl.SymbolParser - Add add symbol in text.
2019-03-07 11:44:17 [main] INFO  epam.tasktwo.parser.impl.SentenceParser - Add symbol in word.
2019-03-07 11:44:17 [main] INFO  epam.tasktwo.parser.impl.SymbolParser - Add add symbol in text.
2019-03-07 11:44:17 [main] INFO  epam.tasktwo.parser.impl.SentenceParser - Add symbol in word.
2019-03-07 11:44:17 [main] INFO  epam.tasktwo.parser.impl.SentenceParser - Add word in lexeme
2019-03-07 11:44:17 [main] INFO  epam.tasktwo.parser.impl.SentenceParser - Add lexeme in sentence.
2019-03-07 11:44:17 [main] INFO  epam.tasktwo.parser.impl.SymbolParser - Add add symbol in text.
2019-03-07 11:44:17 [main] INFO  epam.tasktwo.parser.impl.SentenceParser - Add symbol in word.
2019-03-07 11:44:17 [main] INFO  epam.tasktwo.parser.impl.SymbolParser - Add add symbol in text.
2019-03-07 11:44:17 [main] INFO  epam.tasktwo.parser.impl.SentenceParser - Add symbol in word.
2019-03-07 11:44:17 [main] INFO  epam.tasktwo.parser.impl.SymbolParser - Add add symbol in text.
2019-03-07 11:44:17 [main] INFO  epam.tasktwo.parser.impl.SentenceParser - Add symbol in word.
2019-03-07 11:44:17 [main] INFO  epam.tasktwo.parser.impl.SymbolParser - Add add symbol in text.
2019-03-07 11:44:17 [main] INFO  epam.tasktwo.parser.impl.SentenceParser - Add symbol in word.
2019-03-07 11:44:17 [main] INFO  epam.tasktwo.parser.impl.SentenceParser - Add word in lexeme
2019-03-07 11:44:17 [main] INFO  epam.tasktwo.parser.impl.SentenceParser - Add lexeme in sentence.
2019-03-07 11:44:17 [main] INFO  epam.tasktwo.parser.impl.SymbolParser - Add add symbol in text.
2019-03-07 11:44:17 [main] INFO  epam.tasktwo.parser.impl.SentenceParser - Add symbol in lexeme
2019-03-07 11:44:17 [main] INFO  epam.tasktwo.parser.impl.SentenceParser - Add lexeme in sentence.
2019-03-07 11:44:17 [main] INFO  epam.tasktwo.parser.impl.ParagraphParser - Add sentence in paragraph.
2019-03-07 11:44:17 [main] INFO  epam.tasktwo.parser.impl.TextParser - Add paragraph in text.
2019-03-07 11:44:43 [main] INFO  epam.tasktwo.parser.impl.SentenceParser - Took the next parser - SymbolParser.
2019-03-07 11:44:43 [main] INFO  epam.tasktwo.parser.impl.SentenceParser - Took the next parser - WordParser.
2019-03-07 11:44:43 [main] INFO  epam.tasktwo.parser.impl.SentenceParser - Took the next parser - ExpressionParser.
2019-03-07 11:44:43 [main] INFO  epam.tasktwo.parser.impl.SentenceParser - Took the next parser - SymbolParser.
2019-03-07 11:44:43 [main] INFO  epam.tasktwo.parser.impl.SentenceParser - Took the next parser - LexemeParser.
2019-03-07 11:44:43 [main] INFO  epam.tasktwo.parser.impl.ParagraphParser - Took the next parser - SentenceParser.
2019-03-07 11:44:43 [main] INFO  epam.tasktwo.parser.impl.TextParser - Took the next parser - ParagraphParser.
2019-03-07 11:44:43 [main] WARN  epam.tasktwo.parser.impl.SentenceParser - Unknown expression: !!!
2019-03-07 11:44:43 [main] INFO  epam.tasktwo.parser.impl.SentenceParser - Add lexeme in sentence.
2019-03-07 11:44:43 [main] INFO  epam.tasktwo.parser.impl.SymbolParser - Add add symbol in text.
2019-03-07 11:44:43 [main] INFO  epam.tasktwo.parser.impl.SentenceParser - Add symbol in lexeme
2019-03-07 11:44:43 [main] INFO  epam.tasktwo.parser.impl.SentenceParser - Add lexeme in sentence.
2019-03-07 11:44:43 [main] INFO  epam.tasktwo.parser.impl.ParagraphParser - Add sentence in paragraph.
2019-03-07 11:44:43 [main] INFO  epam.tasktwo.parser.impl.TextParser - Add paragraph in text.
2019-03-07 11:44:43 [main] INFO  epam.tasktwo.parser.impl.SymbolParser - Add add symbol in text.
2019-03-07 11:44:43 [main] INFO  epam.tasktwo.parser.impl.SentenceParser - Add symbol in word.
2019-03-07 11:44:43 [main] INFO  epam.tasktwo.parser.impl.SymbolParser - Add add symbol in text.
2019-03-07 11:44:43 [main] INFO  epam.tasktwo.parser.impl.SentenceParser - Add symbol in word.
2019-03-07 11:44:43 [main] INFO  epam.tasktwo.parser.impl.SentenceParser - Add word in lexeme
2019-03-07 11:44:43 [main] INFO  epam.tasktwo.parser.impl.SentenceParser - Add lexeme in sentence.
2019-03-07 11:44:43 [main] INFO  epam.tasktwo.parser.impl.SymbolParser - Add add symbol in text.
2019-03-07 11:44:43 [main] INFO  epam.tasktwo.parser.impl.SentenceParser - Add symbol in word.
2019-03-07 11:44:43 [main] INFO  epam.tasktwo.parser.impl.SymbolParser - Add add symbol in text.
2019-03-07 11:44:43 [main] INFO  epam.tasktwo.parser.impl.SentenceParser - Add symbol in word.
2019-03-07 11:44:43 [main] INFO  epam.tasktwo.parser.impl.SymbolParser - Add add symbol in text.
2019-03-07 11:44:43 [main] INFO  epam.tasktwo.parser.impl.SentenceParser - Add symbol in word.
2019-03-07 11:44:43 [main] INFO  epam.tasktwo.parser.impl.SentenceParser - Add word in lexeme
2019-03-07 11:44:43 [main] INFO  epam.tasktwo.parser.impl.SentenceParser - Add lexeme in sentence.
2019-03-07 11:44:43 [main] INFO  epam.tasktwo.parser.impl.SymbolParser - Add add symbol in text.
2019-03-07 11:44:43 [main] INFO  epam.tasktwo.parser.impl.SentenceParser - Add symbol in word.
2019-03-07 11:44:43 [main] INFO  epam.tasktwo.parser.impl.SymbolParser - Add add symbol in text.
2019-03-07 11:44:43 [main] INFO  epam.tasktwo.parser.impl.SentenceParser - Add symbol in word.
2019-03-07 11:44:43 [main] INFO  epam.tasktwo.parser.impl.SymbolParser - Add add symbol in text.
2019-03-07 11:44:43 [main] INFO  epam.tasktwo.parser.impl.SentenceParser - Add symbol in word.
2019-03-07 11:44:43 [main] INFO  epam.tasktwo.parser.impl.SymbolParser - Add add symbol in text.
2019-03-07 11:44:43 [main] INFO  epam.tasktwo.parser.impl.SentenceParser - Add symbol in word.
2019-03-07 11:44:43 [main] INFO  epam.tasktwo.parser.impl.SymbolParser - Add add symbol in text.
2019-03-07 11:44:43 [main] INFO  epam.tasktwo.parser.impl.SentenceParser - Add symbol in word.
2019-03-07 11:44:43 [main] INFO  epam.tasktwo.parser.impl.SymbolParser - Add add symbol in text.
2019-03-07 11:44:43 [main] INFO  epam.tasktwo.parser.impl.SentenceParser - Add symbol in word.
2019-03-07 11:44:43 [main] INFO  epam.tasktwo.parser.impl.SymbolParser - Add add symbol in text.
2019-03-07 11:44:43 [main] INFO  epam.tasktwo.parser.impl.SentenceParser - Add symbol in word.
2019-03-07 11:44:43 [main] INFO  epam.tasktwo.parser.impl.SymbolParser - Add add symbol in text.
2019-03-07 11:44:43 [main] INFO  epam.tasktwo.parser.impl.SentenceParser - Add symbol in word.
2019-03-07 11:44:43 [main] INFO  epam.tasktwo.parser.impl.SentenceParser - Add word in lexeme
2019-03-07 11:44:43 [main] INFO  epam.tasktwo.parser.impl.SentenceParser - Add lexeme in sentence.
2019-03-07 11:44:43 [main] INFO  epam.tasktwo.parser.impl.SymbolParser - Add add symbol in text.
2019-03-07 11:44:43 [main] INFO  epam.tasktwo.parser.impl.SentenceParser - Add symbol in lexeme
2019-03-07 11:44:43 [main] INFO  epam.tasktwo.parser.impl.SentenceParser - Add lexeme in sentence.
2019-03-07 11:44:43 [main] INFO  epam.tasktwo.parser.impl.ParagraphParser - Add sentence in paragraph.
2019-03-07 11:44:43 [main] WARN  epam.tasktwo.parser.impl.SentenceParser - Unknown expression: !!!
2019-03-07 11:44:43 [main] INFO  epam.tasktwo.parser.impl.SentenceParser - Add lexeme in sentence.
2019-03-07 11:44:43 [main] INFO  epam.tasktwo.parser.impl.SymbolParser - Add add symbol in text.
2019-03-07 11:44:43 [main] INFO  epam.tasktwo.parser.impl.SentenceParser - Add symbol in lexeme
2019-03-07 11:44:43 [main] INFO  epam.tasktwo.parser.impl.SentenceParser - Add lexeme in sentence.
2019-03-07 11:44:43 [main] INFO  epam.tasktwo.parser.impl.SymbolParser - Add add symbol in text.
2019-03-07 11:44:43 [main] INFO  epam.tasktwo.parser.impl.SentenceParser - Add symbol in word.
2019-03-07 11:44:43 [main] INFO  epam.tasktwo.parser.impl.SymbolParser - Add add symbol in text.
2019-03-07 11:44:43 [main] INFO  epam.tasktwo.parser.impl.SentenceParser - Add symbol in word.
2019-03-07 11:44:43 [main] INFO  epam.tasktwo.parser.impl.SymbolParser - Add add symbol in text.
2019-03-07 11:44:43 [main] INFO  epam.tasktwo.parser.impl.SentenceParser - Add symbol in word.
2019-03-07 11:44:43 [main] INFO  epam.tasktwo.parser.impl.SymbolParser - Add add symbol in text.
2019-03-07 11:44:43 [main] INFO  epam.tasktwo.parser.impl.SentenceParser - Add symbol in word.
2019-03-07 11:44:43 [main] INFO  epam.tasktwo.parser.impl.SentenceParser - Add word in lexeme
2019-03-07 11:44:43 [main] INFO  epam.tasktwo.parser.impl.SentenceParser - Add lexeme in sentence.
2019-03-07 11:44:43 [main] INFO  epam.tasktwo.parser.impl.SymbolParser - Add add symbol in text.
2019-03-07 11:44:43 [main] INFO  epam.tasktwo.parser.impl.SentenceParser - Add symbol in word.
2019-03-07 11:44:43 [main] INFO  epam.tasktwo.parser.impl.SymbolParser - Add add symbol in text.
2019-03-07 11:44:43 [main] INFO  epam.tasktwo.parser.impl.SentenceParser - Add symbol in word.
2019-03-07 11:44:43 [main] INFO  epam.tasktwo.parser.impl.SentenceParser - Add word in lexeme
2019-03-07 11:44:43 [main] INFO  epam.tasktwo.parser.impl.SentenceParser - Add lexeme in sentence.
2019-03-07 11:44:43 [main] INFO  epam.tasktwo.parser.impl.SymbolParser - Add add symbol in text.
2019-03-07 11:44:43 [main] INFO  epam.tasktwo.parser.impl.SentenceParser - Add symbol in lexeme
2019-03-07 11:44:43 [main] INFO  epam.tasktwo.parser.impl.SentenceParser - Add lexeme in sentence.
2019-03-07 11:44:43 [main] INFO  epam.tasktwo.parser.impl.ParagraphParser - Add sentence in paragraph.
2019-03-07 11:44:43 [main] INFO  epam.tasktwo.parser.impl.TextParser - Add paragraph in text.
2019-03-07 11:44:43 [main] INFO  epam.tasktwo.parser.impl.SymbolParser - Add add symbol in text.
2019-03-07 11:44:43 [main] INFO  epam.tasktwo.parser.impl.SentenceParser - Add symbol in word.
2019-03-07 11:44:43 [main] INFO  epam.tasktwo.parser.impl.SymbolParser - Add add symbol in text.
2019-03-07 11:44:43 [main] INFO  epam.tasktwo.parser.impl.SentenceParser - Add symbol in word.
2019-03-07 11:44:43 [main] INFO  epam.tasktwo.parser.impl.SentenceParser - Add word in lexeme
2019-03-07 11:44:43 [main] INFO  epam.tasktwo.parser.impl.SentenceParser - Add lexeme in sentence.
2019-03-07 11:44:43 [main] INFO  epam.tasktwo.parser.impl.SymbolParser - Add add symbol in text.
2019-03-07 11:44:43 [main] INFO  epam.tasktwo.parser.impl.SentenceParser - Add symbol in word.
2019-03-07 11:44:43 [main] INFO  epam.tasktwo.parser.impl.SymbolParser - Add add symbol in text.
2019-03-07 11:44:43 [main] INFO  epam.tasktwo.parser.impl.SentenceParser - Add symbol in word.
2019-03-07 11:44:43 [main] INFO  epam.tasktwo.parser.impl.SymbolParser - Add add symbol in text.
2019-03-07 11:44:43 [main] INFO  epam.tasktwo.parser.impl.SentenceParser - Add symbol in word.
2019-03-07 11:44:43 [main] INFO  epam.tasktwo.parser.impl.SymbolParser - Add add symbol in text.
2019-03-07 11:44:43 [main] INFO  epam.tasktwo.parser.impl.SentenceParser - Add symbol in word.
2019-03-07 11:44:43 [main] INFO  epam.tasktwo.parser.impl.SentenceParser - Add word in lexeme
2019-03-07 11:44:43 [main] INFO  epam.tasktwo.parser.impl.SentenceParser - Add lexeme in sentence.
2019-03-07 11:44:43 [main] INFO  epam.tasktwo.parser.impl.SymbolParser - Add add symbol in text.
2019-03-07 11:44:43 [main] INFO  epam.tasktwo.parser.impl.SentenceParser - Add symbol in word.
2019-03-07 11:44:43 [main] INFO  epam.tasktwo.parser.impl.SymbolParser - Add add symbol in text.
2019-03-07 11:44:43 [main] INFO  epam.tasktwo.parser.impl.SentenceParser - Add symbol in word.
2019-03-07 11:44:43 [main] INFO  epam.tasktwo.parser.impl.SentenceParser - Add word in lexeme
2019-03-07 11:44:43 [main] INFO  epam.tasktwo.parser.impl.SentenceParser - Add lexeme in sentence.
2019-03-07 11:44:43 [main] INFO  epam.tasktwo.parser.impl.SymbolParser - Add add symbol in text.
2019-03-07 11:44:43 [main] INFO  epam.tasktwo.parser.impl.SentenceParser - Add symbol in word.
2019-03-07 11:44:43 [main] INFO  epam.tasktwo.parser.impl.SymbolParser - Add add symbol in text.
2019-03-07 11:44:43 [main] INFO  epam.tasktwo.parser.impl.SentenceParser - Add symbol in word.
2019-03-07 11:44:43 [main] INFO  epam.tasktwo.parser.impl.SymbolParser - Add add symbol in text.
2019-03-07 11:44:43 [main] INFO  epam.tasktwo.parser.impl.SentenceParser - Add symbol in word.
2019-03-07 11:44:43 [main] INFO  epam.tasktwo.parser.impl.SymbolParser - Add add symbol in text.
2019-03-07 11:44:43 [main] INFO  epam.tasktwo.parser.impl.SentenceParser - Add symbol in word.
2019-03-07 11:44:43 [main] INFO  epam.tasktwo.parser.impl.SentenceParser - Add word in lexeme
2019-03-07 11:44:43 [main] INFO  epam.tasktwo.parser.impl.SentenceParser - Add lexeme in sentence.
2019-03-07 11:44:43 [main] INFO  epam.tasktwo.parser.impl.SymbolParser - Add add symbol in text.
2019-03-07 11:44:43 [main] INFO  epam.tasktwo.parser.impl.SentenceParser - Add symbol in lexeme
2019-03-07 11:44:43 [main] INFO  epam.tasktwo.parser.impl.SentenceParser - Add lexeme in sentence.
2019-03-07 11:44:43 [main] INFO  epam.tasktwo.parser.impl.ParagraphParser - Add sentence in paragraph.
2019-03-07 11:44:43 [main] INFO  epam.tasktwo.parser.impl.TextParser - Add paragraph in text.
2019-03-07 11:45:16 [main] INFO  epam.tasktwo.parser.impl.SentenceParser - Took the next parser - SymbolParser.
2019-03-07 11:45:16 [main] INFO  epam.tasktwo.parser.impl.SentenceParser - Took the next parser - WordParser.
2019-03-07 11:45:16 [main] INFO  epam.tasktwo.parser.impl.SentenceParser - Took the next parser - ExpressionParser.
2019-03-07 11:45:16 [main] INFO  epam.tasktwo.parser.impl.SentenceParser - Took the next parser - SymbolParser.
2019-03-07 11:45:16 [main] INFO  epam.tasktwo.parser.impl.SentenceParser - Took the next parser - LexemeParser.
2019-03-07 11:45:16 [main] INFO  epam.tasktwo.parser.impl.ParagraphParser - Took the next parser - SentenceParser.
2019-03-07 11:45:16 [main] INFO  epam.tasktwo.parser.impl.TextParser - Took the next parser - ParagraphParser.
2019-03-07 11:45:16 [main] INFO  epam.tasktwo.parser.impl.SymbolParser - Add add symbol in text.
2019-03-07 11:45:16 [main] INFO  epam.tasktwo.parser.impl.SentenceParser - Add symbol in word.
2019-03-07 11:45:16 [main] INFO  epam.tasktwo.parser.impl.SymbolParser - Add add symbol in text.
2019-03-07 11:45:16 [main] INFO  epam.tasktwo.parser.impl.SentenceParser - Add symbol in word.
2019-03-07 11:45:16 [main] INFO  epam.tasktwo.parser.impl.SentenceParser - Add word in lexeme
2019-03-07 11:45:16 [main] INFO  epam.tasktwo.parser.impl.SentenceParser - Add lexeme in sentence.
2019-03-07 11:45:16 [main] INFO  epam.tasktwo.parser.impl.SymbolParser - Add add symbol in text.
2019-03-07 11:45:16 [main] INFO  epam.tasktwo.parser.impl.SentenceParser - Add symbol in word.
2019-03-07 11:45:16 [main] INFO  epam.tasktwo.parser.impl.SymbolParser - Add add symbol in text.
2019-03-07 11:45:16 [main] INFO  epam.tasktwo.parser.impl.SentenceParser - Add symbol in word.
2019-03-07 11:45:16 [main] INFO  epam.tasktwo.parser.impl.SymbolParser - Add add symbol in text.
2019-03-07 11:45:16 [main] INFO  epam.tasktwo.parser.impl.SentenceParser - Add symbol in word.
2019-03-07 11:45:16 [main] INFO  epam.tasktwo.parser.impl.SentenceParser - Add word in lexeme
2019-03-07 11:45:16 [main] INFO  epam.tasktwo.parser.impl.SentenceParser - Add lexeme in sentence.
2019-03-07 11:45:16 [main] INFO  epam.tasktwo.parser.impl.SymbolParser - Add add symbol in text.
2019-03-07 11:45:16 [main] INFO  epam.tasktwo.parser.impl.SentenceParser - Add symbol in word.
2019-03-07 11:45:16 [main] INFO  epam.tasktwo.parser.impl.SymbolParser - Add add symbol in text.
2019-03-07 11:45:16 [main] INFO  epam.tasktwo.parser.impl.SentenceParser - Add symbol in word.
2019-03-07 11:45:16 [main] INFO  epam.tasktwo.parser.impl.SymbolParser - Add add symbol in text.
2019-03-07 11:45:16 [main] INFO  epam.tasktwo.parser.impl.SentenceParser - Add symbol in word.
2019-03-07 11:45:16 [main] INFO  epam.tasktwo.parser.impl.SymbolParser - Add add symbol in text.
2019-03-07 11:45:16 [main] INFO  epam.tasktwo.parser.impl.SentenceParser - Add symbol in word.
2019-03-07 11:45:16 [main] INFO  epam.tasktwo.parser.impl.SymbolParser - Add add symbol in text.
2019-03-07 11:45:16 [main] INFO  epam.tasktwo.parser.impl.SentenceParser - Add symbol in word.
2019-03-07 11:45:16 [main] INFO  epam.tasktwo.parser.impl.SymbolParser - Add add symbol in text.
2019-03-07 11:45:16 [main] INFO  epam.tasktwo.parser.impl.SentenceParser - Add symbol in word.
2019-03-07 11:45:16 [main] INFO  epam.tasktwo.parser.impl.SymbolParser - Add add symbol in text.
2019-03-07 11:45:16 [main] INFO  epam.tasktwo.parser.impl.SentenceParser - Add symbol in word.
2019-03-07 11:45:16 [main] INFO  epam.tasktwo.parser.impl.SymbolParser - Add add symbol in text.
2019-03-07 11:45:16 [main] INFO  epam.tasktwo.parser.impl.SentenceParser - Add symbol in word.
2019-03-07 11:45:16 [main] INFO  epam.tasktwo.parser.impl.SentenceParser - Add word in lexeme
2019-03-07 11:45:16 [main] INFO  epam.tasktwo.parser.impl.SentenceParser - Add lexeme in sentence.
2019-03-07 11:45:16 [main] INFO  epam.tasktwo.parser.impl.SymbolParser - Add add symbol in text.
2019-03-07 11:45:16 [main] INFO  epam.tasktwo.parser.impl.SentenceParser - Add symbol in lexeme
2019-03-07 11:45:16 [main] INFO  epam.tasktwo.parser.impl.SentenceParser - Add lexeme in sentence.
2019-03-07 11:45:16 [main] INFO  epam.tasktwo.parser.impl.ParagraphParser - Add sentence in paragraph.
2019-03-07 11:45:16 [main] WARN  epam.tasktwo.parser.impl.SentenceParser - Unknown expression: !!!
2019-03-07 11:45:16 [main] INFO  epam.tasktwo.parser.impl.SentenceParser - Add lexeme in sentence.
2019-03-07 11:45:16 [main] INFO  epam.tasktwo.parser.impl.SymbolParser - Add add symbol in text.
2019-03-07 11:45:16 [main] INFO  epam.tasktwo.parser.impl.SentenceParser - Add symbol in lexeme
2019-03-07 11:45:16 [main] INFO  epam.tasktwo.parser.impl.SentenceParser - Add lexeme in sentence.
2019-03-07 11:45:16 [main] INFO  epam.tasktwo.parser.impl.SymbolParser - Add add symbol in text.
2019-03-07 11:45:16 [main] INFO  epam.tasktwo.parser.impl.SentenceParser - Add symbol in word.
2019-03-07 11:45:16 [main] INFO  epam.tasktwo.parser.impl.SymbolParser - Add add symbol in text.
2019-03-07 11:45:16 [main] INFO  epam.tasktwo.parser.impl.SentenceParser - Add symbol in word.
2019-03-07 11:45:16 [main] INFO  epam.tasktwo.parser.impl.SymbolParser - Add add symbol in text.
2019-03-07 11:45:16 [main] INFO  epam.tasktwo.parser.impl.SentenceParser - Add symbol in word.
2019-03-07 11:45:16 [main] INFO  epam.tasktwo.parser.impl.SymbolParser - Add add symbol in text.
2019-03-07 11:45:16 [main] INFO  epam.tasktwo.parser.impl.SentenceParser - Add symbol in word.
2019-03-07 11:45:16 [main] INFO  epam.tasktwo.parser.impl.SentenceParser - Add word in lexeme
2019-03-07 11:45:16 [main] INFO  epam.tasktwo.parser.impl.SentenceParser - Add lexeme in sentence.
2019-03-07 11:45:16 [main] INFO  epam.tasktwo.parser.impl.SymbolParser - Add add symbol in text.
2019-03-07 11:45:16 [main] INFO  epam.tasktwo.parser.impl.SentenceParser - Add symbol in word.
2019-03-07 11:45:16 [main] INFO  epam.tasktwo.parser.impl.SymbolParser - Add add symbol in text.
2019-03-07 11:45:16 [main] INFO  epam.tasktwo.parser.impl.SentenceParser - Add symbol in word.
2019-03-07 11:45:16 [main] INFO  epam.tasktwo.parser.impl.SentenceParser - Add word in lexeme
2019-03-07 11:45:16 [main] INFO  epam.tasktwo.parser.impl.SentenceParser - Add lexeme in sentence.
2019-03-07 11:45:16 [main] INFO  epam.tasktwo.parser.impl.SymbolParser - Add add symbol in text.
2019-03-07 11:45:16 [main] INFO  epam.tasktwo.parser.impl.SentenceParser - Add symbol in lexeme
2019-03-07 11:45:16 [main] INFO  epam.tasktwo.parser.impl.SentenceParser - Add lexeme in sentence.
2019-03-07 11:45:16 [main] INFO  epam.tasktwo.parser.impl.ParagraphParser - Add sentence in paragraph.
2019-03-07 11:45:16 [main] INFO  epam.tasktwo.parser.impl.TextParser - Add paragraph in text.
2019-03-07 11:45:16 [main] INFO  epam.tasktwo.parser.impl.SymbolParser - Add add symbol in text.
2019-03-07 11:45:16 [main] INFO  epam.tasktwo.parser.impl.SentenceParser - Add symbol in word.
2019-03-07 11:45:16 [main] INFO  epam.tasktwo.parser.impl.SymbolParser - Add add symbol in text.
2019-03-07 11:45:16 [main] INFO  epam.tasktwo.parser.impl.SentenceParser - Add symbol in word.
2019-03-07 11:45:16 [main] INFO  epam.tasktwo.parser.impl.SentenceParser - Add word in lexeme
2019-03-07 11:45:16 [main] INFO  epam.tasktwo.parser.impl.SentenceParser - Add lexeme in sentence.
2019-03-07 11:45:16 [main] INFO  epam.tasktwo.parser.impl.SymbolParser - Add add symbol in text.
2019-03-07 11:45:16 [main] INFO  epam.tasktwo.parser.impl.SentenceParser - Add symbol in word.
2019-03-07 11:45:16 [main] INFO  epam.tasktwo.parser.impl.SymbolParser - Add add symbol in text.
2019-03-07 11:45:16 [main] INFO  epam.tasktwo.parser.impl.SentenceParser - Add symbol in word.
2019-03-07 11:45:16 [main] INFO  epam.tasktwo.parser.impl.SymbolParser - Add add symbol in text.
2019-03-07 11:45:16 [main] INFO  epam.tasktwo.parser.impl.SentenceParser - Add symbol in word.
2019-03-07 11:45:16 [main] INFO  epam.tasktwo.parser.impl.SymbolParser - Add add symbol in text.
2019-03-07 11:45:16 [main] INFO  epam.tasktwo.parser.impl.SentenceParser - Add symbol in word.
2019-03-07 11:45:16 [main] INFO  epam.tasktwo.parser.impl.SentenceParser - Add word in lexeme
2019-03-07 11:45:16 [main] INFO  epam.tasktwo.parser.impl.SentenceParser - Add lexeme in sentence.
2019-03-07 11:45:16 [main] INFO  epam.tasktwo.parser.impl.SymbolParser - Add add symbol in text.
2019-03-07 11:45:16 [main] INFO  epam.tasktwo.parser.impl.SentenceParser - Add symbol in word.
2019-03-07 11:45:16 [main] INFO  epam.tasktwo.parser.impl.SymbolParser - Add add symbol in text.
2019-03-07 11:45:16 [main] INFO  epam.tasktwo.parser.impl.SentenceParser - Add symbol in word.
2019-03-07 11:45:16 [main] INFO  epam.tasktwo.parser.impl.SentenceParser - Add word in lexeme
2019-03-07 11:45:16 [main] INFO  epam.tasktwo.parser.impl.SentenceParser - Add lexeme in sentence.
2019-03-07 11:45:16 [main] INFO  epam.tasktwo.parser.impl.SymbolParser - Add add symbol in text.
2019-03-07 11:45:16 [main] INFO  epam.tasktwo.parser.impl.SentenceParser - Add symbol in word.
2019-03-07 11:45:16 [main] INFO  epam.tasktwo.parser.impl.SymbolParser - Add add symbol in text.
2019-03-07 11:45:16 [main] INFO  epam.tasktwo.parser.impl.SentenceParser - Add symbol in word.
2019-03-07 11:45:16 [main] INFO  epam.tasktwo.parser.impl.SymbolParser - Add add symbol in text.
2019-03-07 11:45:16 [main] INFO  epam.tasktwo.parser.impl.SentenceParser - Add symbol in word.
2019-03-07 11:45:16 [main] INFO  epam.tasktwo.parser.impl.SymbolParser - Add add symbol in text.
2019-03-07 11:45:16 [main] INFO  epam.tasktwo.parser.impl.SentenceParser - Add symbol in word.
2019-03-07 11:45:16 [main] INFO  epam.tasktwo.parser.impl.SentenceParser - Add word in lexeme
2019-03-07 11:45:16 [main] INFO  epam.tasktwo.parser.impl.SentenceParser - Add lexeme in sentence.
2019-03-07 11:45:16 [main] INFO  epam.tasktwo.parser.impl.SymbolParser - Add add symbol in text.
2019-03-07 11:45:16 [main] INFO  epam.tasktwo.parser.impl.SentenceParser - Add symbol in lexeme
2019-03-07 11:45:16 [main] INFO  epam.tasktwo.parser.impl.SentenceParser - Add lexeme in sentence.
2019-03-07 11:45:16 [main] INFO  epam.tasktwo.parser.impl.ParagraphParser - Add sentence in paragraph.
2019-03-07 11:45:16 [main] INFO  epam.tasktwo.parser.impl.TextParser - Add paragraph in text.
2019-03-07 11:45:38 [main] INFO  epam.tasktwo.parser.impl.SentenceParser - Took the next parser - SymbolParser.
2019-03-07 11:45:38 [main] INFO  epam.tasktwo.parser.impl.SentenceParser - Took the next parser - WordParser.
2019-03-07 11:45:38 [main] INFO  epam.tasktwo.parser.impl.SentenceParser - Took the next parser - ExpressionParser.
2019-03-07 11:45:38 [main] INFO  epam.tasktwo.parser.impl.SentenceParser - Took the next parser - SymbolParser.
2019-03-07 11:45:38 [main] INFO  epam.tasktwo.parser.impl.SentenceParser - Took the next parser - LexemeParser.
2019-03-07 11:45:38 [main] INFO  epam.tasktwo.parser.impl.ParagraphParser - Took the next parser - SentenceParser.
2019-03-07 11:45:38 [main] INFO  epam.tasktwo.parser.impl.TextParser - Took the next parser - ParagraphParser.
2019-03-07 11:45:38 [main] INFO  epam.tasktwo.parser.impl.SymbolParser - Add add symbol in text.
2019-03-07 11:45:38 [main] INFO  epam.tasktwo.parser.impl.SentenceParser - Add symbol in word.
2019-03-07 11:45:38 [main] INFO  epam.tasktwo.parser.impl.SymbolParser - Add add symbol in text.
2019-03-07 11:45:38 [main] INFO  epam.tasktwo.parser.impl.SentenceParser - Add symbol in word.
2019-03-07 11:45:38 [main] INFO  epam.tasktwo.parser.impl.SentenceParser - Add word in lexeme
2019-03-07 11:45:38 [main] INFO  epam.tasktwo.parser.impl.SentenceParser - Add lexeme in sentence.
2019-03-07 11:45:38 [main] INFO  epam.tasktwo.parser.impl.SymbolParser - Add add symbol in text.
2019-03-07 11:45:38 [main] INFO  epam.tasktwo.parser.impl.SentenceParser - Add symbol in word.
2019-03-07 11:45:38 [main] INFO  epam.tasktwo.parser.impl.SymbolParser - Add add symbol in text.
2019-03-07 11:45:38 [main] INFO  epam.tasktwo.parser.impl.SentenceParser - Add symbol in word.
2019-03-07 11:45:38 [main] INFO  epam.tasktwo.parser.impl.SymbolParser - Add add symbol in text.
2019-03-07 11:45:38 [main] INFO  epam.tasktwo.parser.impl.SentenceParser - Add symbol in word.
2019-03-07 11:45:38 [main] INFO  epam.tasktwo.parser.impl.SentenceParser - Add word in lexeme
2019-03-07 11:45:38 [main] INFO  epam.tasktwo.parser.impl.SentenceParser - Add lexeme in sentence.
2019-03-07 11:45:38 [main] INFO  epam.tasktwo.parser.impl.SymbolParser - Add add symbol in text.
2019-03-07 11:45:38 [main] INFO  epam.tasktwo.parser.impl.SentenceParser - Add symbol in word.
2019-03-07 11:45:38 [main] INFO  epam.tasktwo.parser.impl.SymbolParser - Add add symbol in text.
2019-03-07 11:45:38 [main] INFO  epam.tasktwo.parser.impl.SentenceParser - Add symbol in word.
2019-03-07 11:45:38 [main] INFO  epam.tasktwo.parser.impl.SymbolParser - Add add symbol in text.
2019-03-07 11:45:38 [main] INFO  epam.tasktwo.parser.impl.SentenceParser - Add symbol in word.
2019-03-07 11:45:38 [main] INFO  epam.tasktwo.parser.impl.SymbolParser - Add add symbol in text.
2019-03-07 11:45:38 [main] INFO  epam.tasktwo.parser.impl.SentenceParser - Add symbol in word.
2019-03-07 11:45:38 [main] INFO  epam.tasktwo.parser.impl.SymbolParser - Add add symbol in text.
2019-03-07 11:45:38 [main] INFO  epam.tasktwo.parser.impl.SentenceParser - Add symbol in word.
2019-03-07 11:45:38 [main] INFO  epam.tasktwo.parser.impl.SymbolParser - Add add symbol in text.
2019-03-07 11:45:38 [main] INFO  epam.tasktwo.parser.impl.SentenceParser - Add symbol in word.
2019-03-07 11:45:38 [main] INFO  epam.tasktwo.parser.impl.SymbolParser - Add add symbol in text.
2019-03-07 11:45:38 [main] INFO  epam.tasktwo.parser.impl.SentenceParser - Add symbol in word.
2019-03-07 11:45:38 [main] INFO  epam.tasktwo.parser.impl.SymbolParser - Add add symbol in text.
2019-03-07 11:45:38 [main] INFO  epam.tasktwo.parser.impl.SentenceParser - Add symbol in word.
2019-03-07 11:45:38 [main] INFO  epam.tasktwo.parser.impl.SentenceParser - Add word in lexeme
2019-03-07 11:45:38 [main] INFO  epam.tasktwo.parser.impl.SentenceParser - Add lexeme in sentence.
2019-03-07 11:45:38 [main] INFO  epam.tasktwo.parser.impl.SymbolParser - Add add symbol in text.
2019-03-07 11:45:38 [main] INFO  epam.tasktwo.parser.impl.SentenceParser - Add symbol in lexeme
